2023-06-12 11:51:56.9329|0|DEBUG|Program|init main 
2023-06-12 11:52:14.5794|12|DEBUG|Microsoft.AspNetCore.Mvc.ModelBinding.ModelBinderFactory|Registered model binder providers, in the following order: Microsoft.AspNetCore.Mvc.ModelBinding.Binders.BinderTypeModelBinderProvider, Microsoft.AspNetCore.Mvc.ModelBinding.Binders.ServicesModelBinderProvider, Microsoft.AspNetCore.Mvc.ModelBinding.Binders.BodyModelBinderProvider, Microsoft.AspNetCore.Mvc.ModelBinding.Binders.HeaderModelBinderProvider, Microsoft.AspNetCore.Mvc.ModelBinding.Binders.FloatingPointTypeModelBinderProvider, Microsoft.AspNetCore.Mvc.ModelBinding.Binders.EnumTypeModelBinderProvider, Microsoft.AspNetCore.Mvc.ModelBinding.Binders.DateTimeModelBinderProvider, Microsoft.AspNetCore.Mvc.ModelBinding.Binders.SimpleTypeModelBinderProvider, Microsoft.AspNetCore.Mvc.ModelBinding.Binders.CancellationTokenModelBinderProvider, Microsoft.AspNetCore.Mvc.ModelBinding.Binders.ByteArrayModelBinderProvider, Microsoft.AspNetCore.Mvc.ModelBinding.Binders.FormFileModelBinderProvider, Microsoft.AspNetCore.Mvc.ModelBinding.Binders.FormCollectionModelBinderProvider, Microsoft.AspNetCore.Mvc.ModelBinding.Binders.KeyValuePairModelBinderProvider, Microsoft.AspNetCore.Mvc.ModelBinding.Binders.DictionaryModelBinderProvider, Microsoft.AspNetCore.Mvc.ModelBinding.Binders.ArrayModelBinderProvider, Microsoft.AspNetCore.Mvc.ModelBinding.Binders.CollectionModelBinderProvider, Microsoft.AspNetCore.Mvc.ModelBinding.Binders.ComplexObjectModelBinderProvider 
2023-06-12 11:52:15.8584|1|DEBUG|Microsoft.Extensions.Hosting.Internal.Host|Hosting starting 
2023-06-12 11:52:16.3626|63|INFO|Microsoft.AspNetCore.DataProtection.KeyManagement.XmlKeyManager|User profile is available. Using 'C:\Users\Rathour\AppData\Local\ASP.NET\DataProtection-Keys' as key repository and Windows DPAPI to encrypt keys at rest. 
2023-06-12 11:52:16.4887|37|DEBUG|Microsoft.AspNetCore.DataProtection.Repositories.FileSystemXmlRepository|Reading data from file 'C:\Users\Rathour\AppData\Local\ASP.NET\DataProtection-Keys\key-1fc0a2f5-3e7d-4b6a-bf39-bc9beac55fd8.xml'. 
2023-06-12 11:52:16.6273|37|DEBUG|Microsoft.AspNetCore.DataProtection.Repositories.FileSystemXmlRepository|Reading data from file 'C:\Users\Rathour\AppData\Local\ASP.NET\DataProtection-Keys\key-c8d20900-0742-42b2-a815-610d4c5be81d.xml'. 
2023-06-12 11:52:16.8310|18|DEBUG|Microsoft.AspNetCore.DataProtection.KeyManagement.XmlKeyManager|Found key {1fc0a2f5-3e7d-4b6a-bf39-bc9beac55fd8}. 
2023-06-12 11:52:17.0426|18|DEBUG|Microsoft.AspNetCore.DataProtection.KeyManagement.XmlKeyManager|Found key {c8d20900-0742-42b2-a815-610d4c5be81d}. 
2023-06-12 11:52:17.1208|13|DEBUG|Microsoft.AspNetCore.DataProtection.KeyManagement.DefaultKeyResolver|Considering key {c8d20900-0742-42b2-a815-610d4c5be81d} with expiration date 2023-06-25 05:18:33Z as default key. 
2023-06-12 11:52:17.1581|0|DEBUG|Microsoft.AspNetCore.DataProtection.TypeForwardingActivator|Forwarded activator type request from Microsoft.AspNetCore.DataProtection.XmlEncryption.DpapiXmlDecryptor, Microsoft.AspNetCore.DataProtection, Version=3.1.29.0, Culture=neutral, PublicKeyToken=adb9793829ddae60 to Microsoft.AspNetCore.DataProtection.XmlEncryption.DpapiXmlDecryptor, Microsoft.AspNetCore.DataProtection, Culture=neutral, PublicKeyToken=adb9793829ddae60 
2023-06-12 11:52:17.2331|51|DEBUG|Microsoft.AspNetCore.DataProtection.XmlEncryption.DpapiXmlDecryptor|Decrypting secret element using Windows DPAPI. 
2023-06-12 11:52:17.2364|0|DEBUG|Microsoft.AspNetCore.DataProtection.TypeForwardingActivator|Forwarded activator type request from Microsoft.AspNetCore.DataProtection.AuthenticatedEncryption.ConfigurationModel.AuthenticatedEncryptorDescriptorDeserializer, Microsoft.AspNetCore.DataProtection, Version=3.1.29.0, Culture=neutral, PublicKeyToken=adb9793829ddae60 to Microsoft.AspNetCore.DataProtection.AuthenticatedEncryption.ConfigurationModel.AuthenticatedEncryptorDescriptorDeserializer, Microsoft.AspNetCore.DataProtection, Culture=neutral, PublicKeyToken=adb9793829ddae60 
2023-06-12 11:52:17.2364|4|DEBUG|Microsoft.AspNetCore.DataProtection.AuthenticatedEncryption.CngCbcAuthenticatedEncryptorFactory|Opening CNG algorithm 'AES' from provider '(null)' with chaining mode CBC. 
2023-06-12 11:52:17.2522|3|DEBUG|Microsoft.AspNetCore.DataProtection.AuthenticatedEncryption.CngCbcAuthenticatedEncryptorFactory|Opening CNG algorithm 'SHA256' from provider '(null)' with HMAC. 
2023-06-12 11:52:17.2522|2|DEBUG|Microsoft.AspNetCore.DataProtection.KeyManagement.KeyRingProvider|Using key {c8d20900-0742-42b2-a815-610d4c5be81d} as the default key. 
2023-06-12 11:52:17.2522|65|DEBUG|Microsoft.AspNetCore.DataProtection.Internal.DataProtectionHostedService|Key ring with default key {c8d20900-0742-42b2-a815-610d4c5be81d} was loaded during application startup. 
2023-06-12 11:52:21.2462|0|DEBUG|Microsoft.AspNetCore.Server.Kestrel.Core.KestrelServer|Using development certificate: CN=localhost (Thumbprint: A97F343284D0AE9D116BA6CFF6056E23DB0A5CFC) 
2023-06-12 11:52:21.8366|14|INFO|Microsoft.Hosting.Lifetime|Now listening on: https://localhost:7102 
2023-06-12 11:52:21.8910|14|INFO|Microsoft.Hosting.Lifetime|Now listening on: http://localhost:5102 
2023-06-12 11:52:21.8910|13|DEBUG|Microsoft.AspNetCore.Hosting.Diagnostics|Loaded hosting startup assembly FundooNotesApp 
2023-06-12 11:52:21.8910|13|DEBUG|Microsoft.AspNetCore.Hosting.Diagnostics|Loaded hosting startup assembly Microsoft.AspNetCore.Watch.BrowserRefresh 
2023-06-12 11:52:21.8910|13|DEBUG|Microsoft.AspNetCore.Hosting.Diagnostics|Loaded hosting startup assembly Microsoft.WebTools.BrowserLink.Net 
2023-06-12 11:52:21.8910|0|INFO|Microsoft.Hosting.Lifetime|Application started. Press Ctrl+C to shut down. 
2023-06-12 11:52:21.8910|0|INFO|Microsoft.Hosting.Lifetime|Hosting environment: Development 
2023-06-12 11:52:21.8910|0|INFO|Microsoft.Hosting.Lifetime|Content root path: D:\dotnet\FundooNotesApp\FundooNotesApp\ 
2023-06-12 11:52:21.8910|2|DEBUG|Microsoft.Extensions.Hosting.Internal.Host|Hosting started 
2023-06-12 11:52:21.9213|39|DEBUG|Microsoft.AspNetCore.Server.Kestrel.Connections|Connection id "0HMRB1LGPDN3J" accepted. 
2023-06-12 11:52:21.9245|1|DEBUG|Microsoft.AspNetCore.Server.Kestrel.Connections|Connection id "0HMRB1LGPDN3J" started. 
2023-06-12 11:52:22.0388|39|DEBUG|Microsoft.AspNetCore.Server.Kestrel.Connections|Connection id "0HMRB1LGPDN3K" accepted. 
2023-06-12 11:52:22.0388|1|DEBUG|Microsoft.AspNetCore.Server.Kestrel.Connections|Connection id "0HMRB1LGPDN3K" started. 
2023-06-12 11:52:27.1915|39|DEBUG|Microsoft.AspNetCore.Server.Kestrel.Connections|Connection id "0HMRB1LGPDN3L" accepted. 
2023-06-12 11:52:27.2348|1|DEBUG|Microsoft.AspNetCore.Server.Kestrel.Connections|Connection id "0HMRB1LGPDN3L" started. 
2023-06-12 11:52:27.2927|39|DEBUG|Microsoft.AspNetCore.Server.Kestrel.Connections|Connection id "0HMRB1LGPDN3M" accepted. 
2023-06-12 11:52:27.2965|1|DEBUG|Microsoft.AspNetCore.Server.Kestrel.Connections|Connection id "0HMRB1LGPDN3M" started. 
2023-06-12 11:52:27.7463|6|DEBUG|Microsoft.AspNetCore.Server.Kestrel.Transport.Sockets|Connection id "0HMRB1LGPDN3M" received FIN. 
2023-06-12 11:52:27.7890|3|DEBUG|Microsoft.AspNetCore.Server.Kestrel.Https.Internal.HttpsConnectionMiddleware|Connection 0HMRB1LGPDN3M established using the following protocol: Tls12 
2023-06-12 11:52:27.7890|3|DEBUG|Microsoft.AspNetCore.Server.Kestrel.Https.Internal.HttpsConnectionMiddleware|Connection 0HMRB1LGPDN3L established using the following protocol: Tls12 
2023-06-12 11:52:27.8615|48|DEBUG|Microsoft.AspNetCore.Server.Kestrel.Http2|Connection id "0HMRB1LGPDN3M" is closed. The last processed stream ID was 0. 
2023-06-12 11:52:28.2957|7|DEBUG|Microsoft.AspNetCore.Server.Kestrel.Transport.Sockets|Connection id "0HMRB1LGPDN3M" sending FIN because: "The client closed the connection." 
2023-06-12 11:52:28.3084|49|TRACE|Microsoft.AspNetCore.Server.Kestrel.Http2|Connection id "0HMRB1LGPDN3L" sending SETTINGS frame for stream ID 0 with length 18 and flags NONE. 
2023-06-12 11:52:28.3463|49|TRACE|Microsoft.AspNetCore.Server.Kestrel.Http2|Connection id "0HMRB1LGPDN3L" sending WINDOW_UPDATE frame for stream ID 0 with length 4 and flags 0x0. 
2023-06-12 11:52:28.3463|37|TRACE|Microsoft.AspNetCore.Server.Kestrel.Http2|Connection id "0HMRB1LGPDN3L" received SETTINGS frame for stream ID 0 with length 30 and flags NONE. 
2023-06-12 11:52:28.3463|49|TRACE|Microsoft.AspNetCore.Server.Kestrel.Http2|Connection id "0HMRB1LGPDN3L" sending SETTINGS frame for stream ID 0 with length 0 and flags ACK. 
2023-06-12 11:52:28.3463|37|TRACE|Microsoft.AspNetCore.Server.Kestrel.Http2|Connection id "0HMRB1LGPDN3L" received WINDOW_UPDATE frame for stream ID 0 with length 4 and flags 0x0. 
2023-06-12 11:52:28.3463|37|TRACE|Microsoft.AspNetCore.Server.Kestrel.Http2|Connection id "0HMRB1LGPDN3L" received HEADERS frame for stream ID 1 with length 459 and flags END_STREAM, END_HEADERS, PRIORITY. 
2023-06-12 11:52:28.3463|2|DEBUG|Microsoft.AspNetCore.Server.Kestrel.Connections|Connection id "0HMRB1LGPDN3M" stopped. 
2023-06-12 11:52:28.7322|37|TRACE|Microsoft.AspNetCore.Server.Kestrel.Http2|Connection id "0HMRB1LGPDN3L" received SETTINGS frame for stream ID 0 with length 0 and flags ACK. 
2023-06-12 11:52:28.9021|1|INFO|Microsoft.AspNetCore.Hosting.Diagnostics|Request starting HTTP/2 GET https://localhost:7102/swagger/index.html - - 
2023-06-12 11:52:29.1632|0|DEBUG|Microsoft.AspNetCore.HostFiltering.HostFilteringMiddleware|Wildcard detected, all requests with hosts will be allowed. 
2023-06-12 11:52:29.1632|2|TRACE|Microsoft.AspNetCore.HostFiltering.HostFilteringMiddleware|All hosts are allowed. 
2023-06-12 11:52:31.3156|1000|DEBUG|Microsoft.AspNetCore.Routing.Matching.DfaMatcher|No candidates found for the request path '/swagger/index.html' 
2023-06-12 11:52:31.3156|2|DEBUG|Microsoft.AspNetCore.Routing.EndpointRoutingMiddleware|Request did not match any endpoints 
2023-06-12 11:52:33.7678|2|DEBUG|Microsoft.AspNetCore.Server.Kestrel.Https.Internal.HttpsConnectionMiddleware|Authentication of the HTTPS connection timed out. 
2023-06-12 11:52:33.7678|2|DEBUG|Microsoft.AspNetCore.Server.Kestrel.Connections|Connection id "0HMRB1LGPDN3J" stopped. 
2023-06-12 11:52:33.7678|2|DEBUG|Microsoft.AspNetCore.Server.Kestrel.Https.Internal.HttpsConnectionMiddleware|Authentication of the HTTPS connection timed out. 
2023-06-12 11:52:33.7678|7|DEBUG|Microsoft.AspNetCore.Server.Kestrel.Transport.Sockets|Connection id "0HMRB1LGPDN3J" sending FIN because: "The Socket transport's send loop completed gracefully." 
2023-06-12 11:52:33.7678|2|DEBUG|Microsoft.AspNetCore.Server.Kestrel.Connections|Connection id "0HMRB1LGPDN3K" stopped. 
2023-06-12 11:52:33.7678|7|DEBUG|Microsoft.AspNetCore.Server.Kestrel.Transport.Sockets|Connection id "0HMRB1LGPDN3K" sending FIN because: "The Socket transport's send loop completed gracefully." 
2023-06-12 11:52:34.2341|1|DEBUG|Microsoft.AspNetCore.Watch.BrowserRefresh.BrowserRefreshMiddleware|Response markup is scheduled to include browser refresh script injection. 
2023-06-12 11:52:34.3580|49|TRACE|Microsoft.AspNetCore.Server.Kestrel.Http2|Connection id "0HMRB1LGPDN3L" sending HEADERS frame for stream ID 1 with length 66 and flags END_HEADERS. 
2023-06-12 11:52:37.7484|49|TRACE|Microsoft.AspNetCore.Server.Kestrel.Http2|Connection id "0HMRB1LGPDN3L" sending DATA frame for stream ID 1 with length 1024 and flags NONE. 
2023-06-12 11:52:37.7484|49|TRACE|Microsoft.AspNetCore.Server.Kestrel.Http2|Connection id "0HMRB1LGPDN3L" sending DATA frame for stream ID 1 with length 1024 and flags NONE. 
2023-06-12 11:52:37.7484|49|TRACE|Microsoft.AspNetCore.Server.Kestrel.Http2|Connection id "0HMRB1LGPDN3L" sending DATA frame for stream ID 1 with length 1024 and flags NONE. 
2023-06-12 11:52:37.7484|49|TRACE|Microsoft.AspNetCore.Server.Kestrel.Http2|Connection id "0HMRB1LGPDN3L" sending DATA frame for stream ID 1 with length 1024 and flags NONE. 
2023-06-12 11:52:37.7484|49|TRACE|Microsoft.AspNetCore.Server.Kestrel.Http2|Connection id "0HMRB1LGPDN3L" sending DATA frame for stream ID 1 with length 996 and flags NONE. 
2023-06-12 11:52:37.7484|49|TRACE|Microsoft.AspNetCore.Server.Kestrel.Http2|Connection id "0HMRB1LGPDN3L" sending DATA frame for stream ID 1 with length 65 and flags NONE. 
2023-06-12 11:52:37.7484|49|TRACE|Microsoft.AspNetCore.Server.Kestrel.Http2|Connection id "0HMRB1LGPDN3L" sending DATA frame for stream ID 1 with length 16 and flags NONE. 
2023-06-12 11:52:37.7778|37|TRACE|Microsoft.AspNetCore.Server.Kestrel.Http2|Connection id "0HMRB1LGPDN3L" received WINDOW_UPDATE frame for stream ID 0 with length 4 and flags 0x0. 
2023-06-12 11:52:37.7778|37|TRACE|Microsoft.AspNetCore.Server.Kestrel.Http2|Connection id "0HMRB1LGPDN3L" received WINDOW_UPDATE frame for stream ID 1 with length 4 and flags 0x0. 
2023-06-12 11:52:37.8619|2|DEBUG|Microsoft.AspNetCore.Watch.BrowserRefresh.BrowserRefreshMiddleware|Response markup was updated to include browser refresh script injection. 
2023-06-12 11:52:37.8619|49|TRACE|Microsoft.AspNetCore.Server.Kestrel.Http2|Connection id "0HMRB1LGPDN3L" sending DATA frame for stream ID 1 with length 0 and flags END_STREAM. 
2023-06-12 11:52:37.9296|37|TRACE|Microsoft.AspNetCore.Server.Kestrel.Http2|Connection id "0HMRB1LGPDN3L" received HEADERS frame for stream ID 3 with length 108 and flags END_STREAM, END_HEADERS, PRIORITY. 
2023-06-12 11:52:37.9296|1|INFO|Microsoft.AspNetCore.Hosting.Diagnostics|Request starting HTTP/2 GET https://localhost:7102/_framework/aspnetcore-browser-refresh.js - - 
2023-06-12 11:52:37.9390|2|INFO|Microsoft.AspNetCore.Hosting.Diagnostics|Request finished HTTP/2 GET https://localhost:7102/swagger/index.html - - - 200 - text/html;charset=utf-8 9021.1236ms 
2023-06-12 11:52:38.0007|37|TRACE|Microsoft.AspNetCore.Server.Kestrel.Http2|Connection id "0HMRB1LGPDN3L" received HEADERS frame for stream ID 5 with length 57 and flags END_STREAM, END_HEADERS, PRIORITY. 
2023-06-12 11:52:38.0007|1|INFO|Microsoft.AspNetCore.Hosting.Diagnostics|Request starting HTTP/2 GET https://localhost:7102/_vs/browserLink - - 
2023-06-12 11:52:38.0007|49|TRACE|Microsoft.AspNetCore.Server.Kestrel.Http2|Connection id "0HMRB1LGPDN3L" sending HEADERS frame for stream ID 3 with length 90 and flags END_HEADERS. 
2023-06-12 11:52:38.0007|49|TRACE|Microsoft.AspNetCore.Server.Kestrel.Http2|Connection id "0HMRB1LGPDN3L" sending DATA frame for stream ID 3 with length 11998 and flags NONE. 
2023-06-12 11:52:38.0527|49|TRACE|Microsoft.AspNetCore.Server.Kestrel.Http2|Connection id "0HMRB1LGPDN3L" sending DATA frame for stream ID 3 with length 0 and flags END_STREAM. 
2023-06-12 11:52:38.0527|2|INFO|Microsoft.AspNetCore.Hosting.Diagnostics|Request finished HTTP/2 GET https://localhost:7102/_framework/aspnetcore-browser-refresh.js - - - 200 11998 application/javascript;+charset=utf-8 122.4282ms 
2023-06-12 11:52:38.2435|49|TRACE|Microsoft.AspNetCore.Server.Kestrel.Http2|Connection id "0HMRB1LGPDN3L" sending HEADERS frame for stream ID 5 with length 149 and flags END_HEADERS. 
2023-06-12 11:52:38.2435|49|TRACE|Microsoft.AspNetCore.Server.Kestrel.Http2|Connection id "0HMRB1LGPDN3L" sending DATA frame for stream ID 5 with length 9986 and flags NONE. 
2023-06-12 11:52:38.2435|49|TRACE|Microsoft.AspNetCore.Server.Kestrel.Http2|Connection id "0HMRB1LGPDN3L" sending DATA frame for stream ID 5 with length 10240 and flags NONE. 
2023-06-12 11:52:38.2435|49|TRACE|Microsoft.AspNetCore.Server.Kestrel.Http2|Connection id "0HMRB1LGPDN3L" sending DATA frame for stream ID 5 with length 10240 and flags NONE. 
2023-06-12 11:52:38.2435|49|TRACE|Microsoft.AspNetCore.Server.Kestrel.Http2|Connection id "0HMRB1LGPDN3L" sending DATA frame for stream ID 5 with length 10240 and flags NONE. 
2023-06-12 11:52:38.2435|49|TRACE|Microsoft.AspNetCore.Server.Kestrel.Http2|Connection id "0HMRB1LGPDN3L" sending DATA frame for stream ID 5 with length 10240 and flags NONE. 
2023-06-12 11:52:38.2435|49|TRACE|Microsoft.AspNetCore.Server.Kestrel.Http2|Connection id "0HMRB1LGPDN3L" sending DATA frame for stream ID 5 with length 10240 and flags NONE. 
2023-06-12 11:52:38.2435|49|TRACE|Microsoft.AspNetCore.Server.Kestrel.Http2|Connection id "0HMRB1LGPDN3L" sending DATA frame for stream ID 5 with length 10240 and flags NONE. 
2023-06-12 11:52:38.2793|49|TRACE|Microsoft.AspNetCore.Server.Kestrel.Http2|Connection id "0HMRB1LGPDN3L" sending DATA frame for stream ID 5 with length 10240 and flags NONE. 
2023-06-12 11:52:38.2793|49|TRACE|Microsoft.AspNetCore.Server.Kestrel.Http2|Connection id "0HMRB1LGPDN3L" sending DATA frame for stream ID 5 with length 10240 and flags NONE. 
2023-06-12 11:52:38.2793|49|TRACE|Microsoft.AspNetCore.Server.Kestrel.Http2|Connection id "0HMRB1LGPDN3L" sending DATA frame for stream ID 5 with length 10240 and flags NONE. 
2023-06-12 11:52:38.2793|49|TRACE|Microsoft.AspNetCore.Server.Kestrel.Http2|Connection id "0HMRB1LGPDN3L" sending DATA frame for stream ID 5 with length 10240 and flags NONE. 
2023-06-12 11:52:38.2793|49|TRACE|Microsoft.AspNetCore.Server.Kestrel.Http2|Connection id "0HMRB1LGPDN3L" sending DATA frame for stream ID 5 with length 10240 and flags NONE. 
2023-06-12 11:52:38.2793|49|TRACE|Microsoft.AspNetCore.Server.Kestrel.Http2|Connection id "0HMRB1LGPDN3L" sending DATA frame for stream ID 5 with length 10240 and flags NONE. 
2023-06-12 11:52:38.2809|49|TRACE|Microsoft.AspNetCore.Server.Kestrel.Http2|Connection id "0HMRB1LGPDN3L" sending DATA frame for stream ID 5 with length 10240 and flags NONE. 
2023-06-12 11:52:38.2809|49|TRACE|Microsoft.AspNetCore.Server.Kestrel.Http2|Connection id "0HMRB1LGPDN3L" sending DATA frame for stream ID 5 with length 10240 and flags NONE. 
2023-06-12 11:52:38.2809|49|TRACE|Microsoft.AspNetCore.Server.Kestrel.Http2|Connection id "0HMRB1LGPDN3L" sending DATA frame for stream ID 5 with length 160 and flags NONE. 
2023-06-12 11:52:38.2809|49|TRACE|Microsoft.AspNetCore.Server.Kestrel.Http2|Connection id "0HMRB1LGPDN3L" sending DATA frame for stream ID 5 with length 0 and flags END_STREAM. 
2023-06-12 11:52:38.2809|2|INFO|Microsoft.AspNetCore.Hosting.Diagnostics|Request finished HTTP/2 GET https://localhost:7102/_vs/browserLink - - - 200 - text/javascript;+charset=UTF-8 280.1601ms 
2023-06-12 11:52:38.7086|37|TRACE|Microsoft.AspNetCore.Server.Kestrel.Http2|Connection id "0HMRB1LGPDN3L" received HEADERS frame for stream ID 7 with length 66 and flags END_STREAM, END_HEADERS, PRIORITY. 
2023-06-12 11:52:38.7233|37|TRACE|Microsoft.AspNetCore.Server.Kestrel.Http2|Connection id "0HMRB1LGPDN3L" received HEADERS frame for stream ID 9 with length 96 and flags END_STREAM, END_HEADERS, PRIORITY. 
2023-06-12 11:52:38.7233|1|INFO|Microsoft.AspNetCore.Hosting.Diagnostics|Request starting HTTP/2 GET https://localhost:7102/swagger/v1/swagger.json - - 
2023-06-12 11:52:38.7233|2|TRACE|Microsoft.AspNetCore.HostFiltering.HostFilteringMiddleware|All hosts are allowed. 
2023-06-12 11:52:38.7233|1|INFO|Microsoft.AspNetCore.Hosting.Diagnostics|Request starting HTTP/2 GET https://localhost:7102/swagger/favicon-32x32.png - - 
2023-06-12 11:52:38.7233|2|TRACE|Microsoft.AspNetCore.HostFiltering.HostFilteringMiddleware|All hosts are allowed. 
2023-06-12 11:52:38.7233|1000|DEBUG|Microsoft.AspNetCore.Routing.Matching.DfaMatcher|No candidates found for the request path '/swagger/favicon-32x32.png' 
2023-06-12 11:52:38.7233|1000|DEBUG|Microsoft.AspNetCore.Routing.Matching.DfaMatcher|No candidates found for the request path '/swagger/v1/swagger.json' 
2023-06-12 11:52:38.7233|2|DEBUG|Microsoft.AspNetCore.Routing.EndpointRoutingMiddleware|Request did not match any endpoints 
2023-06-12 11:52:38.7233|2|DEBUG|Microsoft.AspNetCore.Routing.EndpointRoutingMiddleware|Request did not match any endpoints 
2023-06-12 11:52:38.8902|0|TRACE|Microsoft.AspNetCore.StaticFiles.StaticFileMiddleware|Range header's value is empty. 
2023-06-12 11:52:39.0025|49|TRACE|Microsoft.AspNetCore.Server.Kestrel.Http2|Connection id "0HMRB1LGPDN3L" sending HEADERS frame for stream ID 9 with length 77 and flags END_HEADERS. 
2023-06-12 11:52:39.0025|49|TRACE|Microsoft.AspNetCore.Server.Kestrel.Http2|Connection id "0HMRB1LGPDN3L" sending DATA frame for stream ID 9 with length 628 and flags NONE. 
2023-06-12 11:52:39.0025|2|INFO|Microsoft.AspNetCore.StaticFiles.StaticFileMiddleware|Sending file. Request path: '/favicon-32x32.png'. Physical path: 'N/A' 
2023-06-12 11:52:39.0025|49|TRACE|Microsoft.AspNetCore.Server.Kestrel.Http2|Connection id "0HMRB1LGPDN3L" sending DATA frame for stream ID 9 with length 0 and flags END_STREAM. 
2023-06-12 11:52:39.0025|2|INFO|Microsoft.AspNetCore.Hosting.Diagnostics|Request finished HTTP/2 GET https://localhost:7102/swagger/favicon-32x32.png - - - 200 628 image/png 280.3419ms 
2023-06-12 11:52:39.4774|49|TRACE|Microsoft.AspNetCore.Server.Kestrel.Http2|Connection id "0HMRB1LGPDN3L" sending HEADERS frame for stream ID 7 with length 35 and flags END_HEADERS. 
2023-06-12 11:52:39.4774|49|TRACE|Microsoft.AspNetCore.Server.Kestrel.Http2|Connection id "0HMRB1LGPDN3L" sending DATA frame for stream ID 7 with length 16384 and flags NONE. 
2023-06-12 11:52:39.4774|49|TRACE|Microsoft.AspNetCore.Server.Kestrel.Http2|Connection id "0HMRB1LGPDN3L" sending DATA frame for stream ID 7 with length 1305 and flags NONE. 
2023-06-12 11:52:39.4774|49|TRACE|Microsoft.AspNetCore.Server.Kestrel.Http2|Connection id "0HMRB1LGPDN3L" sending DATA frame for stream ID 7 with length 0 and flags END_STREAM. 
2023-06-12 11:52:39.4774|2|INFO|Microsoft.AspNetCore.Hosting.Diagnostics|Request finished HTTP/2 GET https://localhost:7102/swagger/v1/swagger.json - - - 200 - application/json;charset=utf-8 754.9559ms 
2023-06-12 11:52:51.6123|37|TRACE|Microsoft.AspNetCore.Server.Kestrel.Http2|Connection id "0HMRB1LGPDN3L" received HEADERS frame for stream ID 11 with length 27 and flags END_STREAM, END_HEADERS, PRIORITY. 
2023-06-12 11:52:51.6123|37|TRACE|Microsoft.AspNetCore.Server.Kestrel.Http2|Connection id "0HMRB1LGPDN3L" received PING frame for stream ID 0 with length 8 and flags NONE. 
2023-06-12 11:52:51.6123|1|INFO|Microsoft.AspNetCore.Hosting.Diagnostics|Request starting HTTP/2 GET https://localhost:7102/allUser - - 
2023-06-12 11:52:51.6123|2|TRACE|Microsoft.AspNetCore.HostFiltering.HostFilteringMiddleware|All hosts are allowed. 
2023-06-12 11:52:51.6123|49|TRACE|Microsoft.AspNetCore.Server.Kestrel.Http2|Connection id "0HMRB1LGPDN3L" sending PING frame for stream ID 0 with length 8 and flags ACK. 
2023-06-12 11:52:51.6273|1001|DEBUG|Microsoft.AspNetCore.Routing.Matching.DfaMatcher|1 candidate(s) found for the request path '/allUser' 
2023-06-12 11:52:51.6273|1005|DEBUG|Microsoft.AspNetCore.Routing.Matching.DfaMatcher|Endpoint 'FundooNotesApp.Controllers.UserController.GetAllUser (FundooNotesApp)' with route pattern 'allUser' is valid for the request path '/allUser' 
2023-06-12 11:52:51.6273|1|DEBUG|Microsoft.AspNetCore.Routing.EndpointRoutingMiddleware|Request matched endpoint 'FundooNotesApp.Controllers.UserController.GetAllUser (FundooNotesApp)' 
2023-06-12 11:52:51.6403|15|DEBUG|Microsoft.AspNetCore.StaticFiles.StaticFileMiddleware|Static files was skipped as the request already matched an endpoint. 
2023-06-12 11:52:51.6403|15|DEBUG|Microsoft.AspNetCore.StaticFiles.StaticFileMiddleware|Static files was skipped as the request already matched an endpoint. 
2023-06-12 11:52:55.9398|9|DEBUG|Microsoft.AspNetCore.Authentication.JwtBearer.JwtBearerHandler|AuthenticationScheme: Bearer was not authenticated. 
2023-06-12 11:52:55.9547|0|INFO|Microsoft.AspNetCore.Routing.EndpointMiddleware|Executing endpoint 'FundooNotesApp.Controllers.UserController.GetAllUser (FundooNotesApp)' 
2023-06-12 11:52:56.0987|3|INFO|Microsoft.AspNetCore.Mvc.Infrastructure.ControllerActionInvoker|Route matched with {action = "GetAllUser", controller = "User"}. Executing controller action with signature Microsoft.AspNetCore.Mvc.IActionResult GetAllUser() on controller FundooNotesApp.Controllers.UserController (FundooNotesApp). 
2023-06-12 11:52:56.0987|1|DEBUG|Microsoft.AspNetCore.Mvc.Infrastructure.ControllerActionInvoker|Execution plan of authorization filters (in the following order): None 
2023-06-12 11:52:56.0987|1|DEBUG|Microsoft.AspNetCore.Mvc.Infrastructure.ControllerActionInvoker|Execution plan of resource filters (in the following order): None 
2023-06-12 11:52:56.0987|1|DEBUG|Microsoft.AspNetCore.Mvc.Infrastructure.ControllerActionInvoker|Execution plan of action filters (in the following order): Microsoft.AspNetCore.Mvc.ModelBinding.UnsupportedContentTypeFilter (Order: -3000), Microsoft.AspNetCore.Mvc.Infrastructure.ModelStateInvalidFilter (Order: -2000) 
2023-06-12 11:52:56.0987|1|DEBUG|Microsoft.AspNetCore.Mvc.Infrastructure.ControllerActionInvoker|Execution plan of exception filters (in the following order): None 
2023-06-12 11:52:56.0987|1|DEBUG|Microsoft.AspNetCore.Mvc.Infrastructure.ControllerActionInvoker|Execution plan of result filters (in the following order): Microsoft.AspNetCore.Mvc.Infrastructure.ClientErrorResultFilter (Order: -2000) 
2023-06-12 11:52:56.0987|1|DEBUG|Microsoft.AspNetCore.Mvc.Infrastructure.ControllerActionInvoker|Executing controller factory for controller FundooNotesApp.Controllers.UserController (FundooNotesApp) 
2023-06-12 11:52:58.7918|10401|DEBUG|Microsoft.EntityFrameworkCore.Infrastructure|An 'IServiceProvider' was created for internal use by Entity Framework. 
2023-06-12 11:52:59.0396|2|DEBUG|Microsoft.AspNetCore.Mvc.Infrastructure.ControllerActionInvoker|Executed controller factory for controller FundooNotesApp.Controllers.UserController (FundooNotesApp) 
2023-06-12 11:52:59.0396|2|TRACE|Microsoft.AspNetCore.Mvc.Infrastructure.ControllerActionInvoker|Action Filter: Before executing OnActionExecuting on filter Microsoft.AspNetCore.Mvc.ModelBinding.UnsupportedContentTypeFilter. 
2023-06-12 11:52:59.0569|3|TRACE|Microsoft.AspNetCore.Mvc.Infrastructure.ControllerActionInvoker|Action Filter: After executing OnActionExecuting on filter Microsoft.AspNetCore.Mvc.ModelBinding.UnsupportedContentTypeFilter. 
2023-06-12 11:52:59.0569|2|TRACE|Microsoft.AspNetCore.Mvc.Infrastructure.ControllerActionInvoker|Action Filter: Before executing OnActionExecuting on filter Microsoft.AspNetCore.Mvc.Infrastructure.ModelStateInvalidFilter. 
2023-06-12 11:52:59.0569|3|TRACE|Microsoft.AspNetCore.Mvc.Infrastructure.ControllerActionInvoker|Action Filter: After executing OnActionExecuting on filter Microsoft.AspNetCore.Mvc.Infrastructure.ModelStateInvalidFilter. 
2023-06-12 11:52:59.0801|1|INFO|Microsoft.AspNetCore.Mvc.Infrastructure.ControllerActionInvoker|Executing action method FundooNotesApp.Controllers.UserController.GetAllUser (FundooNotesApp) - Validation state: Valid 
2023-06-12 11:53:02.4418|10403|INFO|Microsoft.EntityFrameworkCore.Infrastructure|Entity Framework Core 6.0.0 initialized 'FundooDBContext' using provider 'Microsoft.EntityFrameworkCore.SqlServer:6.0.0' with options: None 
2023-06-12 11:53:03.6384|10111|DEBUG|Microsoft.EntityFrameworkCore.Query|Compiling query expression: 
'DbSet<UserTable>()' 
2023-06-12 11:53:04.4388|10107|DEBUG|Microsoft.EntityFrameworkCore.Query|Generated query execution expression: 
'queryContext => new SingleQueryingEnumerable<UserTable>(
    (RelationalQueryContext)queryContext, 
    RelationalCommandCache.SelectExpression(
        Projection Mapping:
            EmptyProjectionMember -> Dictionary<IProperty, int> { [Property: UserTable.userId (long) Required PK AfterSave:Throw ValueGenerated.OnAdd, 0], [Property: UserTable.EmailId (string) Required, 1], [Property: UserTable.FirstName (string) Required, 2], [Property: UserTable.LastName (string) Required, 3], [Property: UserTable.Password (string) Required, 4] }
        SELECT u.userId, u.EmailId, u.FirstName, u.LastName, u.Password
        FROM UserTable AS u), 
    Func<QueryContext, DbDataReader, ResultContext, SingleQueryResultCoordinator, UserTable>, 
    RepoLayer.Context.FundooDBContext, 
    False, 
    False, 
    True
)' 
2023-06-12 11:53:04.5537|20103|DEBUG|Microsoft.EntityFrameworkCore.Database.Command|Creating DbCommand for 'ExecuteReader'. 
2023-06-12 11:53:04.7798|20104|DEBUG|Microsoft.EntityFrameworkCore.Database.Command|Created DbCommand for 'ExecuteReader' (234ms). 
2023-06-12 11:53:04.8161|20000|DEBUG|Microsoft.EntityFrameworkCore.Database.Connection|Opening connection to database 'FundooNotesDB' on server '(localdb)\MSSQLLocalDB'. 
2023-06-12 11:53:30.5660|20001|DEBUG|Microsoft.EntityFrameworkCore.Database.Connection|Opened connection to database 'FundooNotesDB' on server '(localdb)\MSSQLLocalDB'. 
2023-06-12 11:53:30.5922|20100|DEBUG|Microsoft.EntityFrameworkCore.Database.Command|Executing DbCommand [Parameters=[], CommandType='Text', CommandTimeout='30']
SELECT [u].[userId], [u].[EmailId], [u].[FirstName], [u].[LastName], [u].[Password]
FROM [UserTable] AS [u] 
2023-06-12 11:53:30.7360|20101|INFO|Microsoft.EntityFrameworkCore.Database.Command|Executed DbCommand (145ms) [Parameters=[], CommandType='Text', CommandTimeout='30']
SELECT [u].[userId], [u].[EmailId], [u].[FirstName], [u].[LastName], [u].[Password]
FROM [UserTable] AS [u] 
2023-06-12 11:53:31.1899|10806|DEBUG|Microsoft.EntityFrameworkCore.ChangeTracking|Context 'FundooDBContext' started tracking 'UserTable' entity. Consider using 'DbContextOptionsBuilder.EnableSensitiveDataLogging' to see key values. 
2023-06-12 11:53:31.2836|10806|DEBUG|Microsoft.EntityFrameworkCore.ChangeTracking|Context 'FundooDBContext' started tracking 'UserTable' entity. Consider using 'DbContextOptionsBuilder.EnableSensitiveDataLogging' to see key values. 
2023-06-12 11:53:31.2836|10806|DEBUG|Microsoft.EntityFrameworkCore.ChangeTracking|Context 'FundooDBContext' started tracking 'UserTable' entity. Consider using 'DbContextOptionsBuilder.EnableSensitiveDataLogging' to see key values. 
2023-06-12 11:53:31.2836|10806|DEBUG|Microsoft.EntityFrameworkCore.ChangeTracking|Context 'FundooDBContext' started tracking 'UserTable' entity. Consider using 'DbContextOptionsBuilder.EnableSensitiveDataLogging' to see key values. 
2023-06-12 11:53:31.2836|10806|DEBUG|Microsoft.EntityFrameworkCore.ChangeTracking|Context 'FundooDBContext' started tracking 'UserTable' entity. Consider using 'DbContextOptionsBuilder.EnableSensitiveDataLogging' to see key values. 
2023-06-12 11:53:31.2836|10806|DEBUG|Microsoft.EntityFrameworkCore.ChangeTracking|Context 'FundooDBContext' started tracking 'UserTable' entity. Consider using 'DbContextOptionsBuilder.EnableSensitiveDataLogging' to see key values. 
2023-06-12 11:53:31.2836|10806|DEBUG|Microsoft.EntityFrameworkCore.ChangeTracking|Context 'FundooDBContext' started tracking 'UserTable' entity. Consider using 'DbContextOptionsBuilder.EnableSensitiveDataLogging' to see key values. 
2023-06-12 11:53:31.2836|10806|DEBUG|Microsoft.EntityFrameworkCore.ChangeTracking|Context 'FundooDBContext' started tracking 'UserTable' entity. Consider using 'DbContextOptionsBuilder.EnableSensitiveDataLogging' to see key values. 
2023-06-12 11:53:31.2836|10806|DEBUG|Microsoft.EntityFrameworkCore.ChangeTracking|Context 'FundooDBContext' started tracking 'UserTable' entity. Consider using 'DbContextOptionsBuilder.EnableSensitiveDataLogging' to see key values. 
2023-06-12 11:53:31.2836|10806|DEBUG|Microsoft.EntityFrameworkCore.ChangeTracking|Context 'FundooDBContext' started tracking 'UserTable' entity. Consider using 'DbContextOptionsBuilder.EnableSensitiveDataLogging' to see key values. 
2023-06-12 11:53:31.2836|10806|DEBUG|Microsoft.EntityFrameworkCore.ChangeTracking|Context 'FundooDBContext' started tracking 'UserTable' entity. Consider using 'DbContextOptionsBuilder.EnableSensitiveDataLogging' to see key values. 
2023-06-12 11:53:31.2836|10806|DEBUG|Microsoft.EntityFrameworkCore.ChangeTracking|Context 'FundooDBContext' started tracking 'UserTable' entity. Consider using 'DbContextOptionsBuilder.EnableSensitiveDataLogging' to see key values. 
2023-06-12 11:53:31.2836|10806|DEBUG|Microsoft.EntityFrameworkCore.ChangeTracking|Context 'FundooDBContext' started tracking 'UserTable' entity. Consider using 'DbContextOptionsBuilder.EnableSensitiveDataLogging' to see key values. 
2023-06-12 11:53:31.2836|10806|DEBUG|Microsoft.EntityFrameworkCore.ChangeTracking|Context 'FundooDBContext' started tracking 'UserTable' entity. Consider using 'DbContextOptionsBuilder.EnableSensitiveDataLogging' to see key values. 
2023-06-12 11:53:31.2836|10806|DEBUG|Microsoft.EntityFrameworkCore.ChangeTracking|Context 'FundooDBContext' started tracking 'UserTable' entity. Consider using 'DbContextOptionsBuilder.EnableSensitiveDataLogging' to see key values. 
2023-06-12 11:53:31.2836|10806|DEBUG|Microsoft.EntityFrameworkCore.ChangeTracking|Context 'FundooDBContext' started tracking 'UserTable' entity. Consider using 'DbContextOptionsBuilder.EnableSensitiveDataLogging' to see key values. 
2023-06-12 11:53:31.2836|10806|DEBUG|Microsoft.EntityFrameworkCore.ChangeTracking|Context 'FundooDBContext' started tracking 'UserTable' entity. Consider using 'DbContextOptionsBuilder.EnableSensitiveDataLogging' to see key values. 
2023-06-12 11:53:31.2836|10806|DEBUG|Microsoft.EntityFrameworkCore.ChangeTracking|Context 'FundooDBContext' started tracking 'UserTable' entity. Consider using 'DbContextOptionsBuilder.EnableSensitiveDataLogging' to see key values. 
2023-06-12 11:53:31.2836|10806|DEBUG|Microsoft.EntityFrameworkCore.ChangeTracking|Context 'FundooDBContext' started tracking 'UserTable' entity. Consider using 'DbContextOptionsBuilder.EnableSensitiveDataLogging' to see key values. 
2023-06-12 11:53:31.3023|20300|DEBUG|Microsoft.EntityFrameworkCore.Database.Command|A data reader was disposed. 
2023-06-12 11:53:31.3302|20002|DEBUG|Microsoft.EntityFrameworkCore.Database.Connection|Closing connection to database 'FundooNotesDB' on server '(localdb)\MSSQLLocalDB'. 
2023-06-12 11:53:31.3882|20003|DEBUG|Microsoft.EntityFrameworkCore.Database.Connection|Closed connection to database 'FundooNotesDB' on server '(localdb)\MSSQLLocalDB'. 
2023-06-12 11:53:31.3975|2|INFO|Microsoft.AspNetCore.Mvc.Infrastructure.ControllerActionInvoker|Executed action method FundooNotesApp.Controllers.UserController.GetAllUser (FundooNotesApp), returned result Microsoft.AspNetCore.Mvc.OkObjectResult in 32308.3606ms. 
2023-06-12 11:53:31.3975|2|TRACE|Microsoft.AspNetCore.Mvc.Infrastructure.ControllerActionInvoker|Action Filter: Before executing OnActionExecuted on filter Microsoft.AspNetCore.Mvc.Infrastructure.ModelStateInvalidFilter. 
2023-06-12 11:53:31.3975|3|TRACE|Microsoft.AspNetCore.Mvc.Infrastructure.ControllerActionInvoker|Action Filter: After executing OnActionExecuted on filter Microsoft.AspNetCore.Mvc.Infrastructure.ModelStateInvalidFilter. 
2023-06-12 11:53:31.3975|2|TRACE|Microsoft.AspNetCore.Mvc.Infrastructure.ControllerActionInvoker|Action Filter: Before executing OnActionExecuted on filter Microsoft.AspNetCore.Mvc.ModelBinding.UnsupportedContentTypeFilter. 
2023-06-12 11:53:31.3975|3|TRACE|Microsoft.AspNetCore.Mvc.Infrastructure.ControllerActionInvoker|Action Filter: After executing OnActionExecuted on filter Microsoft.AspNetCore.Mvc.ModelBinding.UnsupportedContentTypeFilter. 
2023-06-12 11:53:31.3975|2|TRACE|Microsoft.AspNetCore.Mvc.Infrastructure.ControllerActionInvoker|Result Filter: Before executing OnResultExecuting on filter Microsoft.AspNetCore.Mvc.Infrastructure.ClientErrorResultFilter. 
2023-06-12 11:53:31.3975|3|TRACE|Microsoft.AspNetCore.Mvc.Infrastructure.ControllerActionInvoker|Result Filter: After executing OnResultExecuting on filter Microsoft.AspNetCore.Mvc.Infrastructure.ClientErrorResultFilter. 
2023-06-12 11:53:31.4241|4|TRACE|Microsoft.AspNetCore.Mvc.Infrastructure.ControllerActionInvoker|Before executing action result Microsoft.AspNetCore.Mvc.OkObjectResult. 
2023-06-12 11:53:31.4241|11|DEBUG|Microsoft.AspNetCore.Mvc.Infrastructure.DefaultOutputFormatterSelector|List of registered output formatters, in the following order: Microsoft.AspNetCore.Mvc.Formatters.HttpNoContentOutputFormatter, Microsoft.AspNetCore.Mvc.Formatters.StringOutputFormatter, Microsoft.AspNetCore.Mvc.Formatters.StreamOutputFormatter, Microsoft.AspNetCore.Mvc.Formatters.SystemTextJsonOutputFormatter 
2023-06-12 11:53:31.4241|4|DEBUG|Microsoft.AspNetCore.Mvc.Infrastructure.DefaultOutputFormatterSelector|No information found on request to perform content negotiation. 
2023-06-12 11:53:31.4241|8|DEBUG|Microsoft.AspNetCore.Mvc.Infrastructure.DefaultOutputFormatterSelector|Attempting to select an output formatter without using a content type as no explicit content types were specified for the response. 
2023-06-12 11:53:31.4241|10|DEBUG|Microsoft.AspNetCore.Mvc.Infrastructure.DefaultOutputFormatterSelector|Attempting to select the first formatter in the output formatters list which can write the result. 
2023-06-12 11:53:31.4241|2|DEBUG|Microsoft.AspNetCore.Mvc.Infrastructure.DefaultOutputFormatterSelector|Selected output formatter 'Microsoft.AspNetCore.Mvc.Formatters.SystemTextJsonOutputFormatter' and content type 'application/json' to write the response. 
2023-06-12 11:53:31.4241|1|INFO|Microsoft.AspNetCore.Mvc.Infrastructure.ObjectResultExecutor|Executing OkObjectResult, writing value of type '<>f__AnonymousType11`3[[System.Boolean, System.Private.CoreLib, Version=6.0.0.0, Culture=neutral, PublicKeyToken=7cec85d7bea7798e],[System.String, System.Private.CoreLib, Version=6.0.0.0, Culture=neutral, PublicKeyToken=7cec85d7bea7798e],[System.Collections.Generic.List`1[[RepoLayer.Entity.UserTable, RepoLayer, Version=1.0.0.0, Culture=neutral, PublicKeyToken=null]], System.Private.CoreLib, Version=6.0.0.0, Culture=neutral, PublicKeyToken=7cec85d7bea7798e]]'. 
2023-06-12 11:53:31.5042|49|TRACE|Microsoft.AspNetCore.Server.Kestrel.Http2|Connection id "0HMRB1LGPDN3L" sending HEADERS frame for stream ID 11 with length 66 and flags END_HEADERS. 
2023-06-12 11:53:31.5042|49|TRACE|Microsoft.AspNetCore.Server.Kestrel.Http2|Connection id "0HMRB1LGPDN3L" sending DATA frame for stream ID 11 with length 1692 and flags NONE. 
2023-06-12 11:53:31.5042|5|TRACE|Microsoft.AspNetCore.Mvc.Infrastructure.ControllerActionInvoker|After executing action result Microsoft.AspNetCore.Mvc.OkObjectResult. 
2023-06-12 11:53:31.5042|2|TRACE|Microsoft.AspNetCore.Mvc.Infrastructure.ControllerActionInvoker|Result Filter: Before executing OnResultExecuted on filter Microsoft.AspNetCore.Mvc.Infrastructure.ClientErrorResultFilter. 
2023-06-12 11:53:31.5042|37|TRACE|Microsoft.AspNetCore.Server.Kestrel.Http2|Connection id "0HMRB1LGPDN3L" received WINDOW_UPDATE frame for stream ID 0 with length 4 and flags 0x0. 
2023-06-12 11:53:31.5042|3|TRACE|Microsoft.AspNetCore.Mvc.Infrastructure.ControllerActionInvoker|Result Filter: After executing OnResultExecuted on filter Microsoft.AspNetCore.Mvc.Infrastructure.ClientErrorResultFilter. 
2023-06-12 11:53:31.5042|37|TRACE|Microsoft.AspNetCore.Server.Kestrel.Http2|Connection id "0HMRB1LGPDN3L" received WINDOW_UPDATE frame for stream ID 11 with length 4 and flags 0x0. 
2023-06-12 11:53:31.5238|2|INFO|Microsoft.AspNetCore.Mvc.Infrastructure.ControllerActionInvoker|Executed action FundooNotesApp.Controllers.UserController.GetAllUser (FundooNotesApp) in 35412.6365ms 
2023-06-12 11:53:31.5238|1|INFO|Microsoft.AspNetCore.Routing.EndpointMiddleware|Executed endpoint 'FundooNotesApp.Controllers.UserController.GetAllUser (FundooNotesApp)' 
2023-06-12 11:53:31.5238|49|TRACE|Microsoft.AspNetCore.Server.Kestrel.Http2|Connection id "0HMRB1LGPDN3L" sending DATA frame for stream ID 11 with length 0 and flags END_STREAM. 
2023-06-12 11:53:31.5377|10407|DEBUG|Microsoft.EntityFrameworkCore.Infrastructure|'FundooDBContext' disposed. 
2023-06-12 11:53:31.5980|2|INFO|Microsoft.AspNetCore.Hosting.Diagnostics|Request finished HTTP/2 GET https://localhost:7102/allUser - - - 200 - application/json;+charset=utf-8 39985.0451ms 
