2023-07-10 08:49:11.8721|39|DEBUG|Microsoft.AspNetCore.Server.Kestrel.Connections|Connection id "0HMRRM5HIJFLV" accepted. 
2023-07-10 08:49:13.7575|1|DEBUG|Microsoft.AspNetCore.Server.Kestrel.Connections|Connection id "0HMRRM5HIJFLV" started. 
2023-07-10 08:49:24.8909|3|DEBUG|Microsoft.AspNetCore.Server.Kestrel.Https.Internal.HttpsConnectionMiddleware|Connection 0HMRRM5HIJFLV established using the following protocol: Tls12 
2023-07-10 08:49:25.8762|49|TRACE|Microsoft.AspNetCore.Server.Kestrel.Http2|Connection id "0HMRRM5HIJFLV" sending SETTINGS frame for stream ID 0 with length 18 and flags NONE. 
2023-07-10 08:49:26.5720|49|TRACE|Microsoft.AspNetCore.Server.Kestrel.Http2|Connection id "0HMRRM5HIJFLV" sending WINDOW_UPDATE frame for stream ID 0 with length 4 and flags 0x0. 
2023-07-10 08:49:26.5741|37|TRACE|Microsoft.AspNetCore.Server.Kestrel.Http2|Connection id "0HMRRM5HIJFLV" received SETTINGS frame for stream ID 0 with length 30 and flags NONE. 
2023-07-10 08:49:26.5917|49|TRACE|Microsoft.AspNetCore.Server.Kestrel.Http2|Connection id "0HMRRM5HIJFLV" sending SETTINGS frame for stream ID 0 with length 0 and flags ACK. 
2023-07-10 08:49:26.6076|37|TRACE|Microsoft.AspNetCore.Server.Kestrel.Http2|Connection id "0HMRRM5HIJFLV" received WINDOW_UPDATE frame for stream ID 0 with length 4 and flags 0x0. 
2023-07-10 08:49:26.8523|37|TRACE|Microsoft.AspNetCore.Server.Kestrel.Http2|Connection id "0HMRRM5HIJFLV" received HEADERS frame for stream ID 1 with length 337 and flags END_STREAM, END_HEADERS, PRIORITY. 
2023-07-10 08:49:27.8899|37|TRACE|Microsoft.AspNetCore.Server.Kestrel.Http2|Connection id "0HMRRM5HIJFLV" received SETTINGS frame for stream ID 0 with length 0 and flags ACK. 
2023-07-10 08:49:28.6374|1|INFO|Microsoft.AspNetCore.Hosting.Diagnostics|Request starting HTTP/2 OPTIONS https://localhost:7102/api/Note/GetAllNotes - - 
2023-07-10 08:49:28.8355|2|TRACE|Microsoft.AspNetCore.HostFiltering.HostFilteringMiddleware|All hosts are allowed. 
2023-07-10 08:49:29.2217|1001|DEBUG|Microsoft.AspNetCore.Routing.Matching.DfaMatcher|1 candidate(s) found for the request path '/api/Note/GetAllNotes' 
2023-07-10 08:49:29.2217|1|DEBUG|Microsoft.AspNetCore.Routing.EndpointRoutingMiddleware|Request matched endpoint '405 HTTP Method Not Supported' 
2023-07-10 08:49:29.8923|15|DEBUG|Microsoft.AspNetCore.StaticFiles.StaticFileMiddleware|Static files was skipped as the request already matched an endpoint. 
2023-07-10 08:49:29.9579|15|DEBUG|Microsoft.AspNetCore.StaticFiles.StaticFileMiddleware|Static files was skipped as the request already matched an endpoint. 
2023-07-10 08:49:30.4558|2|DEBUG|Microsoft.AspNetCore.Cors.Infrastructure.CorsService|The request has an origin header: 'http://localhost:4200'. 
2023-07-10 08:49:30.4558|4|INFO|Microsoft.AspNetCore.Cors.Infrastructure.CorsService|CORS policy execution successful. 
2023-07-10 08:49:30.5118|1|DEBUG|Microsoft.AspNetCore.Cors.Infrastructure.CorsService|The request is a preflight request. 
2023-07-10 08:49:31.0329|49|TRACE|Microsoft.AspNetCore.Server.Kestrel.Http2|Connection id "0HMRRM5HIJFLV" sending HEADERS frame for stream ID 1 with length 135 and flags END_STREAM, END_HEADERS. 
2023-07-10 08:49:31.4298|2|INFO|Microsoft.AspNetCore.Hosting.Diagnostics|Request finished HTTP/2 OPTIONS https://localhost:7102/api/Note/GetAllNotes - - - 204 - - 2962.9012ms 
2023-07-10 08:49:32.0291|37|TRACE|Microsoft.AspNetCore.Server.Kestrel.Http2|Connection id "0HMRRM5HIJFLV" received HEADERS frame for stream ID 3 with length 351 and flags END_STREAM, END_HEADERS, PRIORITY. 
2023-07-10 08:49:32.0489|1|INFO|Microsoft.AspNetCore.Hosting.Diagnostics|Request starting HTTP/2 GET https://localhost:7102/api/Note/GetAllNotes application/json - 
2023-07-10 08:49:32.4593|2|TRACE|Microsoft.AspNetCore.HostFiltering.HostFilteringMiddleware|All hosts are allowed. 
2023-07-10 08:49:32.4593|1001|DEBUG|Microsoft.AspNetCore.Routing.Matching.DfaMatcher|1 candidate(s) found for the request path '/api/Note/GetAllNotes' 
2023-07-10 08:49:32.6535|1005|DEBUG|Microsoft.AspNetCore.Routing.Matching.DfaMatcher|Endpoint 'FundooNotesApp.Controllers.NoteController.GetAllNotes (FundooNotesApp)' with route pattern 'api/Note/GetAllNotes' is valid for the request path '/api/Note/GetAllNotes' 
2023-07-10 08:49:32.6914|1|DEBUG|Microsoft.AspNetCore.Routing.EndpointRoutingMiddleware|Request matched endpoint 'FundooNotesApp.Controllers.NoteController.GetAllNotes (FundooNotesApp)' 
2023-07-10 08:49:32.8315|15|DEBUG|Microsoft.AspNetCore.StaticFiles.StaticFileMiddleware|Static files was skipped as the request already matched an endpoint. 
2023-07-10 08:49:32.8315|15|DEBUG|Microsoft.AspNetCore.StaticFiles.StaticFileMiddleware|Static files was skipped as the request already matched an endpoint. 
2023-07-10 08:49:32.8588|2|DEBUG|Microsoft.AspNetCore.Cors.Infrastructure.CorsService|The request has an origin header: 'http://localhost:4200'. 
2023-07-10 08:49:32.8588|4|INFO|Microsoft.AspNetCore.Cors.Infrastructure.CorsService|CORS policy execution successful. 
2023-07-10 08:49:38.7047|1|INFO|Microsoft.AspNetCore.Authentication.JwtBearer.JwtBearerHandler|Failed to validate the token. Microsoft.IdentityModel.Tokens.SecurityTokenExpiredException: IDX10223: Lifetime validation failed. The token is expired. ValidTo: '06-07-2023 11:42:51', Current time: '10-07-2023 03:19:36'.
   at Microsoft.IdentityModel.Tokens.Validators.ValidateLifetime(Nullable`1 notBefore, Nullable`1 expires, SecurityToken securityToken, TokenValidationParameters validationParameters)
   at System.IdentityModel.Tokens.Jwt.JwtSecurityTokenHandler.ValidateTokenPayload(JwtSecurityToken jwtToken, TokenValidationParameters validationParameters, BaseConfiguration configuration)
   at System.IdentityModel.Tokens.Jwt.JwtSecurityTokenHandler.ValidateJWS(String token, TokenValidationParameters validationParameters, BaseConfiguration currentConfiguration, SecurityToken& signatureValidatedToken, ExceptionDispatchInfo& exceptionThrown)
--- End of stack trace from previous location ---
   at System.IdentityModel.Tokens.Jwt.JwtSecurityTokenHandler.ValidateToken(String token, JwtSecurityToken outerToken, TokenValidationParameters validationParameters, SecurityToken& signatureValidatedToken)
   at System.IdentityModel.Tokens.Jwt.JwtSecurityTokenHandler.ValidateToken(String token, TokenValidationParameters validationParameters, SecurityToken& validatedToken)
   at Microsoft.AspNetCore.Authentication.JwtBearer.JwtBearerHandler.HandleAuthenticateAsync()
2023-07-10 08:49:39.5520|7|INFO|Microsoft.AspNetCore.Authentication.JwtBearer.JwtBearerHandler|Bearer was not authenticated. Failure message: IDX10223: Lifetime validation failed. The token is expired. ValidTo: '06-07-2023 11:42:51', Current time: '10-07-2023 03:19:36'. 
2023-07-10 08:49:39.8878|2|INFO|Microsoft.AspNetCore.Authorization.DefaultAuthorizationService|Authorization failed. These requirements were not met:
DenyAnonymousAuthorizationRequirement: Requires an authenticated user. 
2023-07-10 08:49:39.9322|12|INFO|Microsoft.AspNetCore.Authentication.JwtBearer.JwtBearerHandler|AuthenticationScheme: Bearer was challenged. 
2023-07-10 08:49:39.9322|49|TRACE|Microsoft.AspNetCore.Server.Kestrel.Http2|Connection id "0HMRRM5HIJFLV" sending HEADERS frame for stream ID 3 with length 136 and flags END_STREAM, END_HEADERS. 
2023-07-10 08:49:39.9322|2|INFO|Microsoft.AspNetCore.Hosting.Diagnostics|Request finished HTTP/2 GET https://localhost:7102/api/Note/GetAllNotes application/json - - 401 0 - 7884.1929ms 
2023-07-10 08:49:47.9557|6|DEBUG|Microsoft.AspNetCore.Server.Kestrel.Transport.Sockets|Connection id "0HMRRM5HIJFLV" received FIN. 
2023-07-10 08:49:48.2069|48|DEBUG|Microsoft.AspNetCore.Server.Kestrel.Http2|Connection id "0HMRRM5HIJFLV" is closed. The last processed stream ID was 3. 
2023-07-10 08:49:48.3054|7|DEBUG|Microsoft.AspNetCore.Server.Kestrel.Transport.Sockets|Connection id "0HMRRM5HIJFLV" sending FIN because: "The client closed the connection." 
2023-07-10 08:49:48.3291|2|DEBUG|Microsoft.AspNetCore.Server.Kestrel.Connections|Connection id "0HMRRM5HIJFLV" stopped. 
2023-07-10 12:31:08.0065|39|DEBUG|Microsoft.AspNetCore.Server.Kestrel.Connections|Connection id "0HMRRM5HIJFM0" accepted. 
2023-07-10 12:31:09.0406|1|DEBUG|Microsoft.AspNetCore.Server.Kestrel.Connections|Connection id "0HMRRM5HIJFM0" started. 
2023-07-10 12:31:11.0441|3|DEBUG|Microsoft.AspNetCore.Server.Kestrel.Https.Internal.HttpsConnectionMiddleware|Connection 0HMRRM5HIJFM0 established using the following protocol: Tls12 
2023-07-10 12:31:11.5758|49|TRACE|Microsoft.AspNetCore.Server.Kestrel.Http2|Connection id "0HMRRM5HIJFM0" sending SETTINGS frame for stream ID 0 with length 18 and flags NONE. 
2023-07-10 12:31:11.6563|49|TRACE|Microsoft.AspNetCore.Server.Kestrel.Http2|Connection id "0HMRRM5HIJFM0" sending WINDOW_UPDATE frame for stream ID 0 with length 4 and flags 0x0. 
2023-07-10 12:31:11.6563|37|TRACE|Microsoft.AspNetCore.Server.Kestrel.Http2|Connection id "0HMRRM5HIJFM0" received SETTINGS frame for stream ID 0 with length 30 and flags NONE. 
2023-07-10 12:31:11.6819|49|TRACE|Microsoft.AspNetCore.Server.Kestrel.Http2|Connection id "0HMRRM5HIJFM0" sending SETTINGS frame for stream ID 0 with length 0 and flags ACK. 
2023-07-10 12:31:11.6819|37|TRACE|Microsoft.AspNetCore.Server.Kestrel.Http2|Connection id "0HMRRM5HIJFM0" received WINDOW_UPDATE frame for stream ID 0 with length 4 and flags 0x0. 
2023-07-10 12:31:11.6819|37|TRACE|Microsoft.AspNetCore.Server.Kestrel.Http2|Connection id "0HMRRM5HIJFM0" received HEADERS frame for stream ID 1 with length 400 and flags END_HEADERS, PRIORITY. 
2023-07-10 12:31:12.2093|37|TRACE|Microsoft.AspNetCore.Server.Kestrel.Http2|Connection id "0HMRRM5HIJFM0" received DATA frame for stream ID 1 with length 49 and flags END_STREAM. 
2023-07-10 12:31:12.2143|37|TRACE|Microsoft.AspNetCore.Server.Kestrel.Http2|Connection id "0HMRRM5HIJFM0" received SETTINGS frame for stream ID 0 with length 0 and flags ACK. 
2023-07-10 12:31:12.8556|1|INFO|Microsoft.AspNetCore.Hosting.Diagnostics|Request starting HTTP/2 POST https://localhost:7102/api/controller/api/Login application/json 49 
2023-07-10 12:31:13.5329|2|TRACE|Microsoft.AspNetCore.HostFiltering.HostFilteringMiddleware|All hosts are allowed. 
2023-07-10 12:31:13.7646|1001|DEBUG|Microsoft.AspNetCore.Routing.Matching.DfaMatcher|1 candidate(s) found for the request path '/api/controller/api/Login' 
2023-07-10 12:31:13.9212|1005|DEBUG|Microsoft.AspNetCore.Routing.Matching.DfaMatcher|Endpoint 'FundooNotesApp.Controllers.UserController.UserLogin (FundooNotesApp)' with route pattern 'api/controller/api/Login' is valid for the request path '/api/controller/api/Login' 
2023-07-10 12:31:13.9800|1|DEBUG|Microsoft.AspNetCore.Routing.EndpointRoutingMiddleware|Request matched endpoint 'FundooNotesApp.Controllers.UserController.UserLogin (FundooNotesApp)' 
2023-07-10 12:31:14.0956|15|DEBUG|Microsoft.AspNetCore.StaticFiles.StaticFileMiddleware|Static files was skipped as the request already matched an endpoint. 
2023-07-10 12:31:14.0956|15|DEBUG|Microsoft.AspNetCore.StaticFiles.StaticFileMiddleware|Static files was skipped as the request already matched an endpoint. 
2023-07-10 12:31:14.1927|2|DEBUG|Microsoft.AspNetCore.Cors.Infrastructure.CorsService|The request has an origin header: 'https://localhost:7102'. 
2023-07-10 12:31:14.1927|4|INFO|Microsoft.AspNetCore.Cors.Infrastructure.CorsService|CORS policy execution successful. 
2023-07-10 12:31:14.3894|9|DEBUG|Microsoft.AspNetCore.Authentication.JwtBearer.JwtBearerHandler|AuthenticationScheme: Bearer was not authenticated. 
2023-07-10 12:31:14.6003|0|INFO|Microsoft.AspNetCore.Routing.EndpointMiddleware|Executing endpoint 'FundooNotesApp.Controllers.UserController.UserLogin (FundooNotesApp)' 
2023-07-10 12:31:15.9855|3|INFO|Microsoft.AspNetCore.Mvc.Infrastructure.ControllerActionInvoker|Route matched with {action = "UserLogin", controller = "User"}. Executing controller action with signature Microsoft.AspNetCore.Mvc.IActionResult UserLogin(CommonLayer.Model.UserLogin) on controller FundooNotesApp.Controllers.UserController (FundooNotesApp). 
2023-07-10 12:31:16.1201|1|DEBUG|Microsoft.AspNetCore.Mvc.Infrastructure.ControllerActionInvoker|Execution plan of authorization filters (in the following order): None 
2023-07-10 12:31:16.1201|1|DEBUG|Microsoft.AspNetCore.Mvc.Infrastructure.ControllerActionInvoker|Execution plan of resource filters (in the following order): None 
2023-07-10 12:31:16.5525|1|DEBUG|Microsoft.AspNetCore.Mvc.Infrastructure.ControllerActionInvoker|Execution plan of action filters (in the following order): Microsoft.AspNetCore.Mvc.ModelBinding.UnsupportedContentTypeFilter (Order: -3000), Microsoft.AspNetCore.Mvc.Infrastructure.ModelStateInvalidFilter (Order: -2000) 
2023-07-10 12:31:16.5525|1|DEBUG|Microsoft.AspNetCore.Mvc.Infrastructure.ControllerActionInvoker|Execution plan of exception filters (in the following order): None 
2023-07-10 12:31:16.5525|1|DEBUG|Microsoft.AspNetCore.Mvc.Infrastructure.ControllerActionInvoker|Execution plan of result filters (in the following order): Microsoft.AspNetCore.Mvc.Infrastructure.ClientErrorResultFilter (Order: -2000) 
2023-07-10 12:31:16.5778|1|DEBUG|Microsoft.AspNetCore.Mvc.Infrastructure.ControllerActionInvoker|Executing controller factory for controller FundooNotesApp.Controllers.UserController (FundooNotesApp) 
2023-07-10 12:31:18.0884|2|DEBUG|Microsoft.AspNetCore.Mvc.Infrastructure.ControllerActionInvoker|Executed controller factory for controller FundooNotesApp.Controllers.UserController (FundooNotesApp) 
2023-07-10 12:31:18.3694|22|DEBUG|Microsoft.AspNetCore.Mvc.ModelBinding.ParameterBinder|Attempting to bind parameter 'ULogin' of type 'CommonLayer.Model.UserLogin' ... 
2023-07-10 12:31:18.4122|44|DEBUG|Microsoft.AspNetCore.Mvc.ModelBinding.Binders.BodyModelBinder|Attempting to bind parameter 'ULogin' of type 'CommonLayer.Model.UserLogin' using the name '' in request data ... 
2023-07-10 12:31:18.4852|1|DEBUG|Microsoft.AspNetCore.Mvc.ModelBinding.Binders.BodyModelBinder|Selected input formatter 'Microsoft.AspNetCore.Mvc.Formatters.SystemTextJsonInputFormatter' for content type 'application/json'. 
2023-07-10 12:31:18.8790|25|DEBUG|Microsoft.AspNetCore.Server.Kestrel|Connection id "0HMRRM5HIJFM0", Request id "0HMRRM5HIJFM0:00000001": started reading request body. 
2023-07-10 12:31:18.8790|26|DEBUG|Microsoft.AspNetCore.Server.Kestrel|Connection id "0HMRRM5HIJFM0", Request id "0HMRRM5HIJFM0:00000001": done reading request body. 
2023-07-10 12:31:19.6860|2|DEBUG|Microsoft.AspNetCore.Mvc.Formatters.SystemTextJsonInputFormatter|JSON input formatter succeeded, deserializing to type 'CommonLayer.Model.UserLogin' 
2023-07-10 12:31:19.7640|45|DEBUG|Microsoft.AspNetCore.Mvc.ModelBinding.Binders.BodyModelBinder|Done attempting to bind parameter 'ULogin' of type 'CommonLayer.Model.UserLogin'. 
2023-07-10 12:31:19.7640|23|DEBUG|Microsoft.AspNetCore.Mvc.ModelBinding.ParameterBinder|Done attempting to bind parameter 'ULogin' of type 'CommonLayer.Model.UserLogin'. 
2023-07-10 12:31:19.7640|26|DEBUG|Microsoft.AspNetCore.Mvc.ModelBinding.ParameterBinder|Attempting to validate the bound parameter 'ULogin' of type 'CommonLayer.Model.UserLogin' ... 
2023-07-10 12:31:20.6159|27|DEBUG|Microsoft.AspNetCore.Mvc.ModelBinding.ParameterBinder|Done attempting to validate the bound parameter 'ULogin' of type 'CommonLayer.Model.UserLogin'. 
2023-07-10 12:31:20.6268|2|TRACE|Microsoft.AspNetCore.Mvc.Infrastructure.ControllerActionInvoker|Action Filter: Before executing OnActionExecuting on filter Microsoft.AspNetCore.Mvc.ModelBinding.UnsupportedContentTypeFilter. 
2023-07-10 12:31:20.6268|3|TRACE|Microsoft.AspNetCore.Mvc.Infrastructure.ControllerActionInvoker|Action Filter: After executing OnActionExecuting on filter Microsoft.AspNetCore.Mvc.ModelBinding.UnsupportedContentTypeFilter. 
2023-07-10 12:31:20.6268|2|TRACE|Microsoft.AspNetCore.Mvc.Infrastructure.ControllerActionInvoker|Action Filter: Before executing OnActionExecuting on filter Microsoft.AspNetCore.Mvc.Infrastructure.ModelStateInvalidFilter. 
2023-07-10 12:31:20.6268|3|TRACE|Microsoft.AspNetCore.Mvc.Infrastructure.ControllerActionInvoker|Action Filter: After executing OnActionExecuting on filter Microsoft.AspNetCore.Mvc.Infrastructure.ModelStateInvalidFilter. 
2023-07-10 12:31:20.7532|1|INFO|Microsoft.AspNetCore.Mvc.Infrastructure.ControllerActionInvoker|Executing action method FundooNotesApp.Controllers.UserController.UserLogin (FundooNotesApp) - Validation state: Valid 
2023-07-10 12:31:20.7794|1|TRACE|Microsoft.AspNetCore.Mvc.Infrastructure.ControllerActionInvoker|Executing action method FundooNotesApp.Controllers.UserController.UserLogin (FundooNotesApp) with arguments (CommonLayer.Model.UserLogin) 
2023-07-10 12:31:28.7925|10403|INFO|Microsoft.EntityFrameworkCore.Infrastructure|Entity Framework Core 6.0.0 initialized 'FundooDBContext' using provider 'Microsoft.EntityFrameworkCore.SqlServer:6.0.0' with options: None 
2023-07-10 12:31:31.0131|20103|DEBUG|Microsoft.EntityFrameworkCore.Database.Command|Creating DbCommand for 'ExecuteReader'. 
2023-07-10 12:31:31.1604|20104|DEBUG|Microsoft.EntityFrameworkCore.Database.Command|Created DbCommand for 'ExecuteReader' (434ms). 
2023-07-10 12:31:31.2178|20000|DEBUG|Microsoft.EntityFrameworkCore.Database.Connection|Opening connection to database 'FundooNotesDB' on server '(localdb)\MSSQLLocalDB'. 
2023-07-10 12:32:06.8704|20004|ERROR|Microsoft.EntityFrameworkCore.Database.Connection|An error occurred using the connection to database 'FundooNotesDB' on server '(localdb)\MSSQLLocalDB'. 
2023-07-10 12:32:10.6481|10100|ERROR|Microsoft.EntityFrameworkCore.Query|An exception occurred while iterating over the results of a query for context type 'RepoLayer.Context.FundooDBContext'.
Microsoft.Data.SqlClient.SqlException (0x80131904): Connection Timeout Expired.  The timeout period elapsed while attempting to consume the pre-login handshake acknowledgement.  This could be because the pre-login handshake failed or the server was unable to respond back in time.  The duration spent while attempting to connect to this server was - [Pre-Login] initialization=23324; handshake=7844; 
 ---> System.ComponentModel.Win32Exception (258): The wait operation timed out.
   at Microsoft.Data.SqlClient.TdsParser.ThrowExceptionAndWarning(TdsParserStateObject stateObj, Boolean callerHasConnectionLock, Boolean asyncClose)
   at Microsoft.Data.SqlClient.TdsParserStateObject.ReadSniError(TdsParserStateObject stateObj, UInt32 error)
   at Microsoft.Data.SqlClient.TdsParserStateObject.ReadSniSyncOverAsync()
   at Microsoft.Data.SqlClient.TdsParserStateObject.TryReadNetworkPacket()
   at Microsoft.Data.SqlClient.TdsParser.ConsumePreLoginHandshake(Boolean encrypt, Boolean trustServerCert, Boolean integratedSecurity, Boolean& marsCapable, Boolean& fedAuthRequired)
   at Microsoft.Data.SqlClient.TdsParser.Connect(ServerInfo serverInfo, SqlInternalConnectionTds connHandler, Boolean ignoreSniOpenTimeout, Int64 timerExpire, Boolean encrypt, Boolean trustServerCert, Boolean integratedSecurity, Boolean withFailover, SqlAuthenticationMethod authType)
   at Microsoft.Data.SqlClient.SqlInternalConnectionTds.AttemptOneLogin(ServerInfo serverInfo, String newPassword, SecureString newSecurePassword, Boolean ignoreSniOpenTimeout, TimeoutTimer timeout, Boolean withFailover)
   at Microsoft.Data.SqlClient.SqlInternalConnectionTds.LoginNoFailover(ServerInfo serverInfo, String newPassword, SecureString newSecurePassword, Boolean redirectedUserInstance, SqlConnectionString connectionOptions, SqlCredential credential, TimeoutTimer timeout)
   at Microsoft.Data.SqlClient.SqlInternalConnectionTds.OpenLoginEnlist(TimeoutTimer timeout, SqlConnectionString connectionOptions, SqlCredential credential, String newPassword, SecureString newSecurePassword, Boolean redirectedUserInstance)
   at Microsoft.Data.SqlClient.SqlInternalConnectionTds..ctor(DbConnectionPoolIdentity identity, SqlConnectionString connectionOptions, SqlCredential credential, Object providerInfo, String newPassword, SecureString newSecurePassword, Boolean redirectedUserInstance, SqlConnectionString userConnectionOptions, SessionData reconnectSessionData, Boolean applyTransientFaultHandling, String accessToken, DbConnectionPool pool)
   at Microsoft.Data.SqlClient.SqlConnectionFactory.CreateConnection(DbConnectionOptions options, DbConnectionPoolKey poolKey, Object poolGroupProviderInfo, DbConnectionPool pool, DbConnection owningConnection, DbConnectionOptions userOptions)
   at Microsoft.Data.ProviderBase.DbConnectionFactory.CreatePooledConnection(DbConnectionPool pool, DbConnection owningObject, DbConnectionOptions options, DbConnectionPoolKey poolKey, DbConnectionOptions userOptions)
   at Microsoft.Data.ProviderBase.DbConnectionPool.CreateObject(DbConnection owningObject, DbConnectionOptions userOptions, DbConnectionInternal oldConnection)
   at Microsoft.Data.ProviderBase.DbConnectionPool.UserCreateRequest(DbConnection owningObject, DbConnectionOptions userOptions, DbConnectionInternal oldConnection)
   at Microsoft.Data.ProviderBase.DbConnectionPool.TryGetConnection(DbConnection owningObject, UInt32 waitForMultipleObjectsTimeout, Boolean allowCreate, Boolean onlyOneCheckConnection, DbConnectionOptions userOptions, DbConnectionInternal& connection)
   at Microsoft.Data.ProviderBase.DbConnectionPool.TryGetConnection(DbConnection owningObject, TaskCompletionSource`1 retry, DbConnectionOptions userOptions, DbConnectionInternal& connection)
   at Microsoft.Data.ProviderBase.DbConnectionFactory.TryGetConnection(DbConnection owningConnection, TaskCompletionSource`1 retry, DbConnectionOptions userOptions, DbConnectionInternal oldConnection, DbConnectionInternal& connection)
   at Microsoft.Data.ProviderBase.DbConnectionInternal.TryOpenConnectionInternal(DbConnection outerConnection, DbConnectionFactory connectionFactory, TaskCompletionSource`1 retry, DbConnectionOptions userOptions)
   at Microsoft.Data.SqlClient.SqlConnection.TryOpen(TaskCompletionSource`1 retry, SqlConnectionOverrides overrides)
   at Microsoft.Data.SqlClient.SqlConnection.Open(SqlConnectionOverrides overrides)
   at Microsoft.EntityFrameworkCore.Storage.RelationalConnection.OpenInternal(Boolean errorsExpected)
   at Microsoft.EntityFrameworkCore.Storage.RelationalConnection.Open(Boolean errorsExpected)
   at Microsoft.EntityFrameworkCore.Storage.RelationalCommand.ExecuteReader(RelationalCommandParameterObject parameterObject)
   at Microsoft.EntityFrameworkCore.Query.Internal.SingleQueryingEnumerable`1.Enumerator.InitializeReader(Enumerator enumerator)
   at Microsoft.EntityFrameworkCore.SqlServer.Storage.Internal.SqlServerExecutionStrategy.Execute[TState,TResult](TState state, Func`3 operation, Func`3 verifySucceeded)
   at Microsoft.EntityFrameworkCore.Query.Internal.SingleQueryingEnumerable`1.Enumerator.MoveNext()
ClientConnectionId:3ed86702-83e7-40e1-9b63-ee861945d5d0
Error Number:-2,State:0,Class:11 Microsoft.Data.SqlClient.SqlException (0x80131904): Connection Timeout Expired.  The timeout period elapsed while attempting to consume the pre-login handshake acknowledgement.  This could be because the pre-login handshake failed or the server was unable to respond back in time.  The duration spent while attempting to connect to this server was - [Pre-Login] initialization=23324; handshake=7844; 
 ---> System.ComponentModel.Win32Exception (258): The wait operation timed out.
   at Microsoft.Data.SqlClient.TdsParser.ThrowExceptionAndWarning(TdsParserStateObject stateObj, Boolean callerHasConnectionLock, Boolean asyncClose)
   at Microsoft.Data.SqlClient.TdsParserStateObject.ReadSniError(TdsParserStateObject stateObj, UInt32 error)
   at Microsoft.Data.SqlClient.TdsParserStateObject.ReadSniSyncOverAsync()
   at Microsoft.Data.SqlClient.TdsParserStateObject.TryReadNetworkPacket()
   at Microsoft.Data.SqlClient.TdsParser.ConsumePreLoginHandshake(Boolean encrypt, Boolean trustServerCert, Boolean integratedSecurity, Boolean& marsCapable, Boolean& fedAuthRequired)
   at Microsoft.Data.SqlClient.TdsParser.Connect(ServerInfo serverInfo, SqlInternalConnectionTds connHandler, Boolean ignoreSniOpenTimeout, Int64 timerExpire, Boolean encrypt, Boolean trustServerCert, Boolean integratedSecurity, Boolean withFailover, SqlAuthenticationMethod authType)
   at Microsoft.Data.SqlClient.SqlInternalConnectionTds.AttemptOneLogin(ServerInfo serverInfo, String newPassword, SecureString newSecurePassword, Boolean ignoreSniOpenTimeout, TimeoutTimer timeout, Boolean withFailover)
   at Microsoft.Data.SqlClient.SqlInternalConnectionTds.LoginNoFailover(ServerInfo serverInfo, String newPassword, SecureString newSecurePassword, Boolean redirectedUserInstance, SqlConnectionString connectionOptions, SqlCredential credential, TimeoutTimer timeout)
   at Microsoft.Data.SqlClient.SqlInternalConnectionTds.OpenLoginEnlist(TimeoutTimer timeout, SqlConnectionString connectionOptions, SqlCredential credential, String newPassword, SecureString newSecurePassword, Boolean redirectedUserInstance)
   at Microsoft.Data.SqlClient.SqlInternalConnectionTds..ctor(DbConnectionPoolIdentity identity, SqlConnectionString connectionOptions, SqlCredential credential, Object providerInfo, String newPassword, SecureString newSecurePassword, Boolean redirectedUserInstance, SqlConnectionString userConnectionOptions, SessionData reconnectSessionData, Boolean applyTransientFaultHandling, String accessToken, DbConnectionPool pool)
   at Microsoft.Data.SqlClient.SqlConnectionFactory.CreateConnection(DbConnectionOptions options, DbConnectionPoolKey poolKey, Object poolGroupProviderInfo, DbConnectionPool pool, DbConnection owningConnection, DbConnectionOptions userOptions)
   at Microsoft.Data.ProviderBase.DbConnectionFactory.CreatePooledConnection(DbConnectionPool pool, DbConnection owningObject, DbConnectionOptions options, DbConnectionPoolKey poolKey, DbConnectionOptions userOptions)
   at Microsoft.Data.ProviderBase.DbConnectionPool.CreateObject(DbConnection owningObject, DbConnectionOptions userOptions, DbConnectionInternal oldConnection)
   at Microsoft.Data.ProviderBase.DbConnectionPool.UserCreateRequest(DbConnection owningObject, DbConnectionOptions userOptions, DbConnectionInternal oldConnection)
   at Microsoft.Data.ProviderBase.DbConnectionPool.TryGetConnection(DbConnection owningObject, UInt32 waitForMultipleObjectsTimeout, Boolean allowCreate, Boolean onlyOneCheckConnection, DbConnectionOptions userOptions, DbConnectionInternal& connection)
   at Microsoft.Data.ProviderBase.DbConnectionPool.TryGetConnection(DbConnection owningObject, TaskCompletionSource`1 retry, DbConnectionOptions userOptions, DbConnectionInternal& connection)
   at Microsoft.Data.ProviderBase.DbConnectionFactory.TryGetConnection(DbConnection owningConnection, TaskCompletionSource`1 retry, DbConnectionOptions userOptions, DbConnectionInternal oldConnection, DbConnectionInternal& connection)
   at Microsoft.Data.ProviderBase.DbConnectionInternal.TryOpenConnectionInternal(DbConnection outerConnection, DbConnectionFactory connectionFactory, TaskCompletionSource`1 retry, DbConnectionOptions userOptions)
   at Microsoft.Data.SqlClient.SqlConnection.TryOpen(TaskCompletionSource`1 retry, SqlConnectionOverrides overrides)
   at Microsoft.Data.SqlClient.SqlConnection.Open(SqlConnectionOverrides overrides)
   at Microsoft.EntityFrameworkCore.Storage.RelationalConnection.OpenInternal(Boolean errorsExpected)
   at Microsoft.EntityFrameworkCore.Storage.RelationalConnection.Open(Boolean errorsExpected)
   at Microsoft.EntityFrameworkCore.Storage.RelationalCommand.ExecuteReader(RelationalCommandParameterObject parameterObject)
   at Microsoft.EntityFrameworkCore.Query.Internal.SingleQueryingEnumerable`1.Enumerator.InitializeReader(Enumerator enumerator)
   at Microsoft.EntityFrameworkCore.SqlServer.Storage.Internal.SqlServerExecutionStrategy.Execute[TState,TResult](TState state, Func`3 operation, Func`3 verifySucceeded)
   at Microsoft.EntityFrameworkCore.Query.Internal.SingleQueryingEnumerable`1.Enumerator.MoveNext()
ClientConnectionId:3ed86702-83e7-40e1-9b63-ee861945d5d0
Error Number:-2,State:0,Class:11
2023-07-10 12:32:27.4777|2|INFO|Microsoft.AspNetCore.Mvc.Infrastructure.ControllerActionInvoker|Executed action method FundooNotesApp.Controllers.UserController.UserLogin (FundooNotesApp), returned result Microsoft.AspNetCore.Mvc.BadRequestObjectResult in 66421.1171ms. 
2023-07-10 12:32:27.4777|2|TRACE|Microsoft.AspNetCore.Mvc.Infrastructure.ControllerActionInvoker|Action Filter: Before executing OnActionExecuted on filter Microsoft.AspNetCore.Mvc.Infrastructure.ModelStateInvalidFilter. 
2023-07-10 12:32:27.4777|3|TRACE|Microsoft.AspNetCore.Mvc.Infrastructure.ControllerActionInvoker|Action Filter: After executing OnActionExecuted on filter Microsoft.AspNetCore.Mvc.Infrastructure.ModelStateInvalidFilter. 
2023-07-10 12:32:27.4777|2|TRACE|Microsoft.AspNetCore.Mvc.Infrastructure.ControllerActionInvoker|Action Filter: Before executing OnActionExecuted on filter Microsoft.AspNetCore.Mvc.ModelBinding.UnsupportedContentTypeFilter. 
2023-07-10 12:32:27.4777|3|TRACE|Microsoft.AspNetCore.Mvc.Infrastructure.ControllerActionInvoker|Action Filter: After executing OnActionExecuted on filter Microsoft.AspNetCore.Mvc.ModelBinding.UnsupportedContentTypeFilter. 
2023-07-10 12:32:27.4777|2|TRACE|Microsoft.AspNetCore.Mvc.Infrastructure.ControllerActionInvoker|Result Filter: Before executing OnResultExecuting on filter Microsoft.AspNetCore.Mvc.Infrastructure.ClientErrorResultFilter. 
2023-07-10 12:32:27.4777|3|TRACE|Microsoft.AspNetCore.Mvc.Infrastructure.ControllerActionInvoker|Result Filter: After executing OnResultExecuting on filter Microsoft.AspNetCore.Mvc.Infrastructure.ClientErrorResultFilter. 
2023-07-10 12:32:27.4955|4|TRACE|Microsoft.AspNetCore.Mvc.Infrastructure.ControllerActionInvoker|Before executing action result Microsoft.AspNetCore.Mvc.BadRequestObjectResult. 
2023-07-10 12:32:27.5245|11|DEBUG|Microsoft.AspNetCore.Mvc.Infrastructure.DefaultOutputFormatterSelector|List of registered output formatters, in the following order: Microsoft.AspNetCore.Mvc.Formatters.HttpNoContentOutputFormatter, Microsoft.AspNetCore.Mvc.Formatters.StringOutputFormatter, Microsoft.AspNetCore.Mvc.Formatters.StreamOutputFormatter, Microsoft.AspNetCore.Mvc.Formatters.SystemTextJsonOutputFormatter 
2023-07-10 12:32:27.5442|4|DEBUG|Microsoft.AspNetCore.Mvc.Infrastructure.DefaultOutputFormatterSelector|No information found on request to perform content negotiation. 
2023-07-10 12:32:27.5442|8|DEBUG|Microsoft.AspNetCore.Mvc.Infrastructure.DefaultOutputFormatterSelector|Attempting to select an output formatter without using a content type as no explicit content types were specified for the response. 
2023-07-10 12:32:27.5442|10|DEBUG|Microsoft.AspNetCore.Mvc.Infrastructure.DefaultOutputFormatterSelector|Attempting to select the first formatter in the output formatters list which can write the result. 
2023-07-10 12:32:27.5787|2|DEBUG|Microsoft.AspNetCore.Mvc.Infrastructure.DefaultOutputFormatterSelector|Selected output formatter 'Microsoft.AspNetCore.Mvc.Formatters.SystemTextJsonOutputFormatter' and content type 'application/json' to write the response. 
2023-07-10 12:32:27.5787|1|INFO|Microsoft.AspNetCore.Mvc.Infrastructure.ObjectResultExecutor|Executing BadRequestObjectResult, writing value of type '<>f__AnonymousType9`2[[System.Boolean, System.Private.CoreLib, Version=6.0.0.0, Culture=neutral, PublicKeyToken=7cec85d7bea7798e],[System.String, System.Private.CoreLib, Version=6.0.0.0, Culture=neutral, PublicKeyToken=7cec85d7bea7798e]]'. 
2023-07-10 12:32:27.8617|49|TRACE|Microsoft.AspNetCore.Server.Kestrel.Http2|Connection id "0HMRRM5HIJFM0" sending HEADERS frame for stream ID 1 with length 77 and flags END_HEADERS. 
2023-07-10 12:32:27.8617|49|TRACE|Microsoft.AspNetCore.Server.Kestrel.Http2|Connection id "0HMRRM5HIJFM0" sending DATA frame for stream ID 1 with length 377 and flags NONE. 
2023-07-10 12:32:27.8617|5|TRACE|Microsoft.AspNetCore.Mvc.Infrastructure.ControllerActionInvoker|After executing action result Microsoft.AspNetCore.Mvc.BadRequestObjectResult. 
2023-07-10 12:32:27.8617|2|TRACE|Microsoft.AspNetCore.Mvc.Infrastructure.ControllerActionInvoker|Result Filter: Before executing OnResultExecuted on filter Microsoft.AspNetCore.Mvc.Infrastructure.ClientErrorResultFilter. 
2023-07-10 12:32:27.8617|3|TRACE|Microsoft.AspNetCore.Mvc.Infrastructure.ControllerActionInvoker|Result Filter: After executing OnResultExecuted on filter Microsoft.AspNetCore.Mvc.Infrastructure.ClientErrorResultFilter. 
2023-07-10 12:32:27.8949|37|TRACE|Microsoft.AspNetCore.Server.Kestrel.Http2|Connection id "0HMRRM5HIJFM0" received WINDOW_UPDATE frame for stream ID 0 with length 4 and flags 0x0. 
2023-07-10 12:32:27.8949|37|TRACE|Microsoft.AspNetCore.Server.Kestrel.Http2|Connection id "0HMRRM5HIJFM0" received WINDOW_UPDATE frame for stream ID 1 with length 4 and flags 0x0. 
2023-07-10 12:32:27.8949|2|INFO|Microsoft.AspNetCore.Mvc.Infrastructure.ControllerActionInvoker|Executed action FundooNotesApp.Controllers.UserController.UserLogin (FundooNotesApp) in 71308.7895ms 
2023-07-10 12:32:27.8949|1|INFO|Microsoft.AspNetCore.Routing.EndpointMiddleware|Executed endpoint 'FundooNotesApp.Controllers.UserController.UserLogin (FundooNotesApp)' 
2023-07-10 12:32:27.8949|49|TRACE|Microsoft.AspNetCore.Server.Kestrel.Http2|Connection id "0HMRRM5HIJFM0" sending DATA frame for stream ID 1 with length 0 and flags END_STREAM. 
2023-07-10 12:32:27.8949|10407|DEBUG|Microsoft.EntityFrameworkCore.Infrastructure|'FundooDBContext' disposed. 
2023-07-10 12:32:28.1092|2|INFO|Microsoft.AspNetCore.Hosting.Diagnostics|Request finished HTTP/2 POST https://localhost:7102/api/controller/api/Login application/json 49 - 400 - application/json;+charset=utf-8 75457.6460ms 
2023-07-10 12:32:49.3475|37|TRACE|Microsoft.AspNetCore.Server.Kestrel.Http2|Connection id "0HMRRM5HIJFM0" received HEADERS frame for stream ID 3 with length 45 and flags END_HEADERS, PRIORITY. 
2023-07-10 12:32:49.3475|1|INFO|Microsoft.AspNetCore.Hosting.Diagnostics|Request starting HTTP/2 POST https://localhost:7102/api/controller/api/Login application/json 64 
2023-07-10 12:32:49.3475|2|TRACE|Microsoft.AspNetCore.HostFiltering.HostFilteringMiddleware|All hosts are allowed. 
2023-07-10 12:32:49.3475|1001|DEBUG|Microsoft.AspNetCore.Routing.Matching.DfaMatcher|1 candidate(s) found for the request path '/api/controller/api/Login' 
2023-07-10 12:32:49.3475|1005|DEBUG|Microsoft.AspNetCore.Routing.Matching.DfaMatcher|Endpoint 'FundooNotesApp.Controllers.UserController.UserLogin (FundooNotesApp)' with route pattern 'api/controller/api/Login' is valid for the request path '/api/controller/api/Login' 
2023-07-10 12:32:49.3475|1|DEBUG|Microsoft.AspNetCore.Routing.EndpointRoutingMiddleware|Request matched endpoint 'FundooNotesApp.Controllers.UserController.UserLogin (FundooNotesApp)' 
2023-07-10 12:32:49.3475|15|DEBUG|Microsoft.AspNetCore.StaticFiles.StaticFileMiddleware|Static files was skipped as the request already matched an endpoint. 
2023-07-10 12:32:49.3475|15|DEBUG|Microsoft.AspNetCore.StaticFiles.StaticFileMiddleware|Static files was skipped as the request already matched an endpoint. 
2023-07-10 12:32:49.3475|2|DEBUG|Microsoft.AspNetCore.Cors.Infrastructure.CorsService|The request has an origin header: 'https://localhost:7102'. 
2023-07-10 12:32:49.3475|4|INFO|Microsoft.AspNetCore.Cors.Infrastructure.CorsService|CORS policy execution successful. 
2023-07-10 12:32:49.3475|9|DEBUG|Microsoft.AspNetCore.Authentication.JwtBearer.JwtBearerHandler|AuthenticationScheme: Bearer was not authenticated. 
2023-07-10 12:32:49.3475|0|INFO|Microsoft.AspNetCore.Routing.EndpointMiddleware|Executing endpoint 'FundooNotesApp.Controllers.UserController.UserLogin (FundooNotesApp)' 
2023-07-10 12:32:49.3475|3|INFO|Microsoft.AspNetCore.Mvc.Infrastructure.ControllerActionInvoker|Route matched with {action = "UserLogin", controller = "User"}. Executing controller action with signature Microsoft.AspNetCore.Mvc.IActionResult UserLogin(CommonLayer.Model.UserLogin) on controller FundooNotesApp.Controllers.UserController (FundooNotesApp). 
2023-07-10 12:32:49.3475|1|DEBUG|Microsoft.AspNetCore.Mvc.Infrastructure.ControllerActionInvoker|Execution plan of authorization filters (in the following order): None 
2023-07-10 12:32:49.3475|1|DEBUG|Microsoft.AspNetCore.Mvc.Infrastructure.ControllerActionInvoker|Execution plan of resource filters (in the following order): None 
2023-07-10 12:32:49.3475|1|DEBUG|Microsoft.AspNetCore.Mvc.Infrastructure.ControllerActionInvoker|Execution plan of action filters (in the following order): Microsoft.AspNetCore.Mvc.ModelBinding.UnsupportedContentTypeFilter (Order: -3000), Microsoft.AspNetCore.Mvc.Infrastructure.ModelStateInvalidFilter (Order: -2000) 
2023-07-10 12:32:49.3475|1|DEBUG|Microsoft.AspNetCore.Mvc.Infrastructure.ControllerActionInvoker|Execution plan of exception filters (in the following order): None 
2023-07-10 12:32:49.3475|1|DEBUG|Microsoft.AspNetCore.Mvc.Infrastructure.ControllerActionInvoker|Execution plan of result filters (in the following order): Microsoft.AspNetCore.Mvc.Infrastructure.ClientErrorResultFilter (Order: -2000) 
2023-07-10 12:32:49.3475|1|DEBUG|Microsoft.AspNetCore.Mvc.Infrastructure.ControllerActionInvoker|Executing controller factory for controller FundooNotesApp.Controllers.UserController (FundooNotesApp) 
2023-07-10 12:32:49.3475|2|DEBUG|Microsoft.AspNetCore.Mvc.Infrastructure.ControllerActionInvoker|Executed controller factory for controller FundooNotesApp.Controllers.UserController (FundooNotesApp) 
2023-07-10 12:32:49.3475|22|DEBUG|Microsoft.AspNetCore.Mvc.ModelBinding.ParameterBinder|Attempting to bind parameter 'ULogin' of type 'CommonLayer.Model.UserLogin' ... 
2023-07-10 12:32:49.3475|44|DEBUG|Microsoft.AspNetCore.Mvc.ModelBinding.Binders.BodyModelBinder|Attempting to bind parameter 'ULogin' of type 'CommonLayer.Model.UserLogin' using the name '' in request data ... 
2023-07-10 12:32:49.3475|1|DEBUG|Microsoft.AspNetCore.Mvc.ModelBinding.Binders.BodyModelBinder|Selected input formatter 'Microsoft.AspNetCore.Mvc.Formatters.SystemTextJsonInputFormatter' for content type 'application/json'. 
2023-07-10 12:32:49.3475|25|DEBUG|Microsoft.AspNetCore.Server.Kestrel|Connection id "0HMRRM5HIJFM0", Request id "0HMRRM5HIJFM0:00000003": started reading request body. 
2023-07-10 12:32:49.3707|37|TRACE|Microsoft.AspNetCore.Server.Kestrel.Http2|Connection id "0HMRRM5HIJFM0" received PING frame for stream ID 0 with length 8 and flags NONE. 
2023-07-10 12:32:49.3707|49|TRACE|Microsoft.AspNetCore.Server.Kestrel.Http2|Connection id "0HMRRM5HIJFM0" sending PING frame for stream ID 0 with length 8 and flags ACK. 
2023-07-10 12:32:49.3707|37|TRACE|Microsoft.AspNetCore.Server.Kestrel.Http2|Connection id "0HMRRM5HIJFM0" received DATA frame for stream ID 3 with length 64 and flags END_STREAM. 
2023-07-10 12:32:50.1974|26|DEBUG|Microsoft.AspNetCore.Server.Kestrel|Connection id "0HMRRM5HIJFM0", Request id "0HMRRM5HIJFM0:00000003": done reading request body. 
2023-07-10 12:32:50.1976|2|DEBUG|Microsoft.AspNetCore.Mvc.Formatters.SystemTextJsonInputFormatter|JSON input formatter succeeded, deserializing to type 'CommonLayer.Model.UserLogin' 
2023-07-10 12:32:50.1976|45|DEBUG|Microsoft.AspNetCore.Mvc.ModelBinding.Binders.BodyModelBinder|Done attempting to bind parameter 'ULogin' of type 'CommonLayer.Model.UserLogin'. 
2023-07-10 12:32:50.1976|23|DEBUG|Microsoft.AspNetCore.Mvc.ModelBinding.ParameterBinder|Done attempting to bind parameter 'ULogin' of type 'CommonLayer.Model.UserLogin'. 
2023-07-10 12:32:50.1976|26|DEBUG|Microsoft.AspNetCore.Mvc.ModelBinding.ParameterBinder|Attempting to validate the bound parameter 'ULogin' of type 'CommonLayer.Model.UserLogin' ... 
2023-07-10 12:32:50.1976|27|DEBUG|Microsoft.AspNetCore.Mvc.ModelBinding.ParameterBinder|Done attempting to validate the bound parameter 'ULogin' of type 'CommonLayer.Model.UserLogin'. 
2023-07-10 12:32:50.1976|2|TRACE|Microsoft.AspNetCore.Mvc.Infrastructure.ControllerActionInvoker|Action Filter: Before executing OnActionExecuting on filter Microsoft.AspNetCore.Mvc.ModelBinding.UnsupportedContentTypeFilter. 
2023-07-10 12:32:50.1976|3|TRACE|Microsoft.AspNetCore.Mvc.Infrastructure.ControllerActionInvoker|Action Filter: After executing OnActionExecuting on filter Microsoft.AspNetCore.Mvc.ModelBinding.UnsupportedContentTypeFilter. 
2023-07-10 12:32:50.1976|2|TRACE|Microsoft.AspNetCore.Mvc.Infrastructure.ControllerActionInvoker|Action Filter: Before executing OnActionExecuting on filter Microsoft.AspNetCore.Mvc.Infrastructure.ModelStateInvalidFilter. 
2023-07-10 12:32:50.1976|3|TRACE|Microsoft.AspNetCore.Mvc.Infrastructure.ControllerActionInvoker|Action Filter: After executing OnActionExecuting on filter Microsoft.AspNetCore.Mvc.Infrastructure.ModelStateInvalidFilter. 
2023-07-10 12:32:50.1976|1|INFO|Microsoft.AspNetCore.Mvc.Infrastructure.ControllerActionInvoker|Executing action method FundooNotesApp.Controllers.UserController.UserLogin (FundooNotesApp) - Validation state: Valid 
2023-07-10 12:32:50.1976|1|TRACE|Microsoft.AspNetCore.Mvc.Infrastructure.ControllerActionInvoker|Executing action method FundooNotesApp.Controllers.UserController.UserLogin (FundooNotesApp) with arguments (CommonLayer.Model.UserLogin) 
2023-07-10 12:32:50.2398|10403|INFO|Microsoft.EntityFrameworkCore.Infrastructure|Entity Framework Core 6.0.0 initialized 'FundooDBContext' using provider 'Microsoft.EntityFrameworkCore.SqlServer:6.0.0' with options: None 
2023-07-10 12:32:50.2398|20103|DEBUG|Microsoft.EntityFrameworkCore.Database.Command|Creating DbCommand for 'ExecuteReader'. 
2023-07-10 12:32:50.2398|20104|DEBUG|Microsoft.EntityFrameworkCore.Database.Command|Created DbCommand for 'ExecuteReader' (0ms). 
2023-07-10 12:32:50.2398|20000|DEBUG|Microsoft.EntityFrameworkCore.Database.Connection|Opening connection to database 'FundooNotesDB' on server '(localdb)\MSSQLLocalDB'. 
2023-07-10 12:32:51.7470|20001|DEBUG|Microsoft.EntityFrameworkCore.Database.Connection|Opened connection to database 'FundooNotesDB' on server '(localdb)\MSSQLLocalDB'. 
2023-07-10 12:32:51.8146|20100|DEBUG|Microsoft.EntityFrameworkCore.Database.Command|Executing DbCommand [Parameters=[@__uLogin_EmailId_0='?' (Size = 4000), @__EncryptPass_1='?' (Size = 4000)], CommandType='Text', CommandTimeout='30']
SELECT TOP(1) [u].[userId], [u].[EmailId], [u].[FirstName], [u].[LastName], [u].[Password]
FROM [UserTable] AS [u]
WHERE ([u].[EmailId] = @__uLogin_EmailId_0) AND ([u].[Password] = @__EncryptPass_1) 
2023-07-10 12:32:52.8975|20101|INFO|Microsoft.EntityFrameworkCore.Database.Command|Executed DbCommand (1,133ms) [Parameters=[@__uLogin_EmailId_0='?' (Size = 4000), @__EncryptPass_1='?' (Size = 4000)], CommandType='Text', CommandTimeout='30']
SELECT TOP(1) [u].[userId], [u].[EmailId], [u].[FirstName], [u].[LastName], [u].[Password]
FROM [UserTable] AS [u]
WHERE ([u].[EmailId] = @__uLogin_EmailId_0) AND ([u].[Password] = @__EncryptPass_1) 
2023-07-10 12:32:53.3697|10806|DEBUG|Microsoft.EntityFrameworkCore.ChangeTracking|Context 'FundooDBContext' started tracking 'UserTable' entity. Consider using 'DbContextOptionsBuilder.EnableSensitiveDataLogging' to see key values. 
2023-07-10 12:32:53.4538|20300|DEBUG|Microsoft.EntityFrameworkCore.Database.Command|A data reader was disposed. 
2023-07-10 12:32:53.4538|20002|DEBUG|Microsoft.EntityFrameworkCore.Database.Connection|Closing connection to database 'FundooNotesDB' on server '(localdb)\MSSQLLocalDB'. 
2023-07-10 12:32:53.4538|20003|DEBUG|Microsoft.EntityFrameworkCore.Database.Connection|Closed connection to database 'FundooNotesDB' on server '(localdb)\MSSQLLocalDB'. 
2023-07-10 12:32:54.2445|2|INFO|Microsoft.AspNetCore.Mvc.Infrastructure.ControllerActionInvoker|Executed action method FundooNotesApp.Controllers.UserController.UserLogin (FundooNotesApp), returned result Microsoft.AspNetCore.Mvc.OkObjectResult in 4046.4964ms. 
2023-07-10 12:32:54.2445|2|TRACE|Microsoft.AspNetCore.Mvc.Infrastructure.ControllerActionInvoker|Action Filter: Before executing OnActionExecuted on filter Microsoft.AspNetCore.Mvc.Infrastructure.ModelStateInvalidFilter. 
2023-07-10 12:32:54.2445|3|TRACE|Microsoft.AspNetCore.Mvc.Infrastructure.ControllerActionInvoker|Action Filter: After executing OnActionExecuted on filter Microsoft.AspNetCore.Mvc.Infrastructure.ModelStateInvalidFilter. 
2023-07-10 12:32:54.2445|2|TRACE|Microsoft.AspNetCore.Mvc.Infrastructure.ControllerActionInvoker|Action Filter: Before executing OnActionExecuted on filter Microsoft.AspNetCore.Mvc.ModelBinding.UnsupportedContentTypeFilter. 
2023-07-10 12:32:54.2445|3|TRACE|Microsoft.AspNetCore.Mvc.Infrastructure.ControllerActionInvoker|Action Filter: After executing OnActionExecuted on filter Microsoft.AspNetCore.Mvc.ModelBinding.UnsupportedContentTypeFilter. 
2023-07-10 12:32:54.2445|2|TRACE|Microsoft.AspNetCore.Mvc.Infrastructure.ControllerActionInvoker|Result Filter: Before executing OnResultExecuting on filter Microsoft.AspNetCore.Mvc.Infrastructure.ClientErrorResultFilter. 
2023-07-10 12:32:54.2445|3|TRACE|Microsoft.AspNetCore.Mvc.Infrastructure.ControllerActionInvoker|Result Filter: After executing OnResultExecuting on filter Microsoft.AspNetCore.Mvc.Infrastructure.ClientErrorResultFilter. 
2023-07-10 12:32:54.2445|4|TRACE|Microsoft.AspNetCore.Mvc.Infrastructure.ControllerActionInvoker|Before executing action result Microsoft.AspNetCore.Mvc.OkObjectResult. 
2023-07-10 12:32:54.2445|11|DEBUG|Microsoft.AspNetCore.Mvc.Infrastructure.DefaultOutputFormatterSelector|List of registered output formatters, in the following order: Microsoft.AspNetCore.Mvc.Formatters.HttpNoContentOutputFormatter, Microsoft.AspNetCore.Mvc.Formatters.StringOutputFormatter, Microsoft.AspNetCore.Mvc.Formatters.StreamOutputFormatter, Microsoft.AspNetCore.Mvc.Formatters.SystemTextJsonOutputFormatter 
2023-07-10 12:32:54.2445|4|DEBUG|Microsoft.AspNetCore.Mvc.Infrastructure.DefaultOutputFormatterSelector|No information found on request to perform content negotiation. 
2023-07-10 12:32:54.2445|8|DEBUG|Microsoft.AspNetCore.Mvc.Infrastructure.DefaultOutputFormatterSelector|Attempting to select an output formatter without using a content type as no explicit content types were specified for the response. 
2023-07-10 12:32:54.2445|10|DEBUG|Microsoft.AspNetCore.Mvc.Infrastructure.DefaultOutputFormatterSelector|Attempting to select the first formatter in the output formatters list which can write the result. 
2023-07-10 12:32:54.2445|2|DEBUG|Microsoft.AspNetCore.Mvc.Infrastructure.DefaultOutputFormatterSelector|Selected output formatter 'Microsoft.AspNetCore.Mvc.Formatters.SystemTextJsonOutputFormatter' and content type 'application/json' to write the response. 
2023-07-10 12:32:54.2445|1|INFO|Microsoft.AspNetCore.Mvc.Infrastructure.ObjectResultExecutor|Executing OkObjectResult, writing value of type '<>f__AnonymousType8`3[[System.Boolean, System.Private.CoreLib, Version=6.0.0.0, Culture=neutral, PublicKeyToken=7cec85d7bea7798e],[System.String, System.Private.CoreLib, Version=6.0.0.0, Culture=neutral, PublicKeyToken=7cec85d7bea7798e],[System.String, System.Private.CoreLib, Version=6.0.0.0, Culture=neutral, PublicKeyToken=7cec85d7bea7798e]]'. 
2023-07-10 12:32:54.2445|49|TRACE|Microsoft.AspNetCore.Server.Kestrel.Http2|Connection id "0HMRRM5HIJFM0" sending HEADERS frame for stream ID 3 with length 35 and flags END_HEADERS. 
2023-07-10 12:32:54.2445|49|TRACE|Microsoft.AspNetCore.Server.Kestrel.Http2|Connection id "0HMRRM5HIJFM0" sending DATA frame for stream ID 3 with length 271 and flags NONE. 
2023-07-10 12:32:54.2445|5|TRACE|Microsoft.AspNetCore.Mvc.Infrastructure.ControllerActionInvoker|After executing action result Microsoft.AspNetCore.Mvc.OkObjectResult. 
2023-07-10 12:32:54.2445|2|TRACE|Microsoft.AspNetCore.Mvc.Infrastructure.ControllerActionInvoker|Result Filter: Before executing OnResultExecuted on filter Microsoft.AspNetCore.Mvc.Infrastructure.ClientErrorResultFilter. 
2023-07-10 12:32:54.2445|3|TRACE|Microsoft.AspNetCore.Mvc.Infrastructure.ControllerActionInvoker|Result Filter: After executing OnResultExecuted on filter Microsoft.AspNetCore.Mvc.Infrastructure.ClientErrorResultFilter. 
2023-07-10 12:32:54.2445|2|INFO|Microsoft.AspNetCore.Mvc.Infrastructure.ControllerActionInvoker|Executed action FundooNotesApp.Controllers.UserController.UserLogin (FundooNotesApp) in 4897.0225ms 
2023-07-10 12:32:54.2445|1|INFO|Microsoft.AspNetCore.Routing.EndpointMiddleware|Executed endpoint 'FundooNotesApp.Controllers.UserController.UserLogin (FundooNotesApp)' 
2023-07-10 12:32:54.2445|49|TRACE|Microsoft.AspNetCore.Server.Kestrel.Http2|Connection id "0HMRRM5HIJFM0" sending DATA frame for stream ID 3 with length 0 and flags END_STREAM. 
2023-07-10 12:32:54.2445|10407|DEBUG|Microsoft.EntityFrameworkCore.Infrastructure|'FundooDBContext' disposed. 
2023-07-10 12:32:54.2445|2|INFO|Microsoft.AspNetCore.Hosting.Diagnostics|Request finished HTTP/2 POST https://localhost:7102/api/controller/api/Login application/json 64 - 200 - application/json;+charset=utf-8 4898.1264ms 
2023-07-10 12:32:54.2445|37|TRACE|Microsoft.AspNetCore.Server.Kestrel.Http2|Connection id "0HMRRM5HIJFM0" received WINDOW_UPDATE frame for stream ID 0 with length 4 and flags 0x0. 
2023-07-10 12:49:04.3878|6|DEBUG|Microsoft.AspNetCore.Server.Kestrel.Transport.Sockets|Connection id "0HMRRM5HIJFM0" received FIN. 
2023-07-10 12:49:04.3878|48|DEBUG|Microsoft.AspNetCore.Server.Kestrel.Http2|Connection id "0HMRRM5HIJFM0" is closed. The last processed stream ID was 3. 
2023-07-10 12:49:04.4612|7|DEBUG|Microsoft.AspNetCore.Server.Kestrel.Transport.Sockets|Connection id "0HMRRM5HIJFM0" sending FIN because: "The client closed the connection." 
2023-07-10 12:49:04.4941|2|DEBUG|Microsoft.AspNetCore.Server.Kestrel.Connections|Connection id "0HMRRM5HIJFM0" stopped. 
